\BOOKMARK [1][-]{section.1}{\376\377\000I\000n\000t\000r\000o\000d\000u\000c\000t\000i\000o\000n}{}% 1
\BOOKMARK [1][-]{section.2}{\376\377\000T\000h\000e\000o\000r\000e\000t\000i\000c\000a\000l\000\040\000p\000a\000r\000t}{}% 2
\BOOKMARK [2][-]{subsection.2.1}{\376\377\000D\000i\000f\000f\000e\000r\000e\000n\000t\000i\000a\000l\000\040\000o\000p\000e\000r\000a\000t\000o\000r\000s\000\040\000i\000n\000\040\000s\000p\000h\000e\000r\000i\000c\000a\000l\000\040\000c\000o\000o\000r\000d\000i\000n\000a\000t\000e\000s}{section.2}% 3
\BOOKMARK [2][-]{subsection.2.2}{\376\377\000S\000o\000m\000e\000\040\000n\000e\000c\000e\000s\000s\000a\000r\000y\000\040\000s\000p\000e\000c\000i\000a\000l\000\040\000f\000u\000n\000c\000t\000i\000o\000n\000s}{section.2}% 4
\BOOKMARK [3][-]{subsubsection.2.2.1}{\376\377\000S\000p\000h\000e\000r\000i\000c\000a\000l\000\040\000f\000u\000n\000c\000t\000i\000o\000n\000s}{subsection.2.2}% 5
\BOOKMARK [3][-]{subsubsection.2.2.2}{\376\377\000B\000e\000s\000s\000e\000l\000\040\000f\000u\000n\000c\000t\000i\000o\000n\000s}{subsection.2.2}% 6
\BOOKMARK [2][-]{subsection.2.3}{\376\377\000A\000n\000g\000u\000l\000a\000r\000\040\000m\000o\000m\000e\000n\000t\000u\000m}{section.2}% 7
\BOOKMARK [3][-]{subsubsection.2.3.1}{\376\377\000E\000i\000g\000e\000n\000v\000a\000l\000u\000e\000s\000\040\000a\000n\000d\000\040\000e\000i\000g\000e\000n\000f\000u\000n\000c\000t\000i\000o\000n\000s}{subsection.2.3}% 8
\BOOKMARK [2][-]{subsection.2.4}{\376\377\000S\000p\000i\000n}{section.2}% 9
\BOOKMARK [3][-]{subsubsection.2.4.1}{\376\377\000S\000p\000i\000n\000\040\0001\0002}{subsection.2.4}% 10
\BOOKMARK [2][-]{subsection.2.5}{\376\377\000P\000e\000r\000t\000u\000r\000b\000a\000t\000i\000o\000n\000\040\000t\000h\000e\000o\000r\000y}{section.2}% 11
\BOOKMARK [2][-]{subsection.2.6}{\376\377\000N\000u\000m\000e\000r\000i\000c\000a\000l\000\040\000m\000e\000t\000h\000o\000d\000s\000\040\000f\000o\000r\000\040\000t\000h\000e\000\040\000s\000o\000l\000u\000t\000i\000o\000n\000\040\000o\000f\000\040\000t\000h\000e\000\040\000S\000c\000h\000r\000o\000d\000i\000n\000g\000e\000r\000\040\000e\000q\000u\000a\000t\000i\000o\000n}{section.2}% 12
\BOOKMARK [1][-]{section.3}{\376\377\000E\000l\000e\000c\000t\000r\000o\000n\000\040\000i\000n\000\040\000s\000p\000h\000e\000r\000i\000c\000a\000l\000l\000y\000\040\000s\000y\000m\000m\000e\000t\000r\000i\000c\000\040\000p\000o\000t\000e\000n\000t\000i\000a\000l\000s}{}% 13
\BOOKMARK [2][-]{subsection.3.1}{\376\377\000S\000p\000h\000e\000r\000i\000c\000a\000l\000l\000y\000\040\000s\000y\000m\000m\000e\000t\000r\000i\000c\000\040\000p\000o\000t\000e\000n\000t\000i\000a\000l\000\040\000w\000e\000l\000l}{section.3}% 14
\BOOKMARK [3][-]{subsubsection.3.1.1}{\376\377\000I\000n\000f\000i\000n\000i\000t\000e\000\040\000s\000p\000h\000e\000r\000i\000c\000a\000l\000\040\000w\000e\000l\000l}{subsection.3.1}% 15
\BOOKMARK [3][-]{subsubsection.3.1.2}{\376\377\000F\000i\000n\000i\000t\000e\000\040\000s\000p\000h\000e\000r\000i\000c\000a\000l\000\040\000w\000e\000l\000l}{subsection.3.1}% 16
\BOOKMARK [2][-]{subsection.3.2}{\376\377\000I\000s\000o\000t\000r\000o\000p\000i\000c\000\040\000H\000a\000r\000m\000o\000n\000i\000c\000\040\000O\000s\000c\000i\000l\000l\000a\000t\000o\000r}{section.3}% 17
\BOOKMARK [2][-]{subsection.3.3}{\376\377\000T\000h\000e\000\040\000H\000y\000d\000r\000o\000g\000e\000n\000\040\000A\000t\000o\000m}{section.3}% 18
\BOOKMARK [2][-]{subsection.3.4}{\376\377\000W\000o\000o\000d\000s\000-\000S\000a\000x\000o\000n\000\040\000p\000o\000t\000e\000n\000t\000i\000a\000l}{section.3}% 19
\BOOKMARK [2][-]{subsection.3.5}{\376\377\000H\000u\000l\000t\000h\000e\000n\000\040\000P\000o\000t\000e\000n\000t\000i\000a\000l}{section.3}% 20
\BOOKMARK [2][-]{subsection.3.6}{\376\377\000M\000o\000r\000s\000e\000\040\000p\000o\000t\000e\000n\000t\000i\000a\000l}{section.3}% 21
\BOOKMARK [2][-]{subsection.3.7}{\376\377\000Y\000u\000k\000a\000w\000a\000\040\000P\000o\000t\000e\000n\000t\000i\000a\000l}{section.3}% 22
\BOOKMARK [2][-]{subsection.3.8}{\376\377\000C\000e\000n\000t\000r\000a\000l\000-\000f\000o\000r\000c\000e\000\040\000m\000o\000d\000e\000l\000\040\000o\000f\000\040\000d\000e\000u\000t\000e\000r\000o\000n}{section.3}% 23
\BOOKMARK [3][-]{subsubsection.3.8.1}{\376\377\000E\000x\000a\000c\000t\000\040\000s\000o\000l\000u\000t\000i\000o\000n}{subsection.3.8}% 24
\BOOKMARK [3][-]{subsubsection.3.8.2}{\376\377\000A\000p\000p\000r\000o\000x\000i\000m\000a\000t\000e\000\040\000s\000o\000l\000u\000t\000i\000o\000n}{subsection.3.8}% 25
\BOOKMARK [1][-]{section.4}{\376\377\000C\000o\000n\000c\000l\000u\000s\000i\000o\000n}{}% 26
\BOOKMARK [1][-]{section.5}{\376\377\000A\000p\000p\000e\000n\000d\000i\000x}{}% 27
