This is pdfTeX, Version 3.14159265-2.6-1.40.17 (TeX Live 2016) (preloaded format=pdflatex 2017.2.9)  7 APR 2017 22:12
entering extended mode
 restricted \write18 enabled.
 %&-line parsing enabled.
**electron.tex
(./electron.tex
LaTeX2e <2016/03/31>
Babel <3.9r> and hyphenation patterns for 83 language(s) loaded.
(/usr/local/texlive/2016/texmf-dist/tex/latex/base/article.cls
Document Class: article 2014/09/29 v1.4h Standard LaTeX document class
(/usr/local/texlive/2016/texmf-dist/tex/latex/base/size12.clo
File: size12.clo 2014/09/29 v1.4h Standard LaTeX file (size option)
)
\c@part=\count79
\c@section=\count80
\c@subsection=\count81
\c@subsubsection=\count82
\c@paragraph=\count83
\c@subparagraph=\count84
\c@figure=\count85
\c@table=\count86
\abovecaptionskip=\skip41
\belowcaptionskip=\skip42
\bibindent=\dimen102
)
(/usr/local/texlive/2016/texmf-dist/tex/latex/float/float.sty
Package: float 2001/11/08 v1.3d Float enhancements (AL)
\c@float@type=\count87
\float@exts=\toks14
\float@box=\box26
\@float@everytoks=\toks15
\@floatcapt=\box27
)
(/usr/local/texlive/2016/texmf-dist/tex/latex/caption/caption.sty
Package: caption 2016/02/21 v3.3-144 Customizing captions (AR)

(/usr/local/texlive/2016/texmf-dist/tex/latex/caption/caption3.sty
Package: caption3 2016/02/04 v1.7-139 caption3 kernel (AR)
Package caption3 Info: TeX engine: e-TeX on input line 67.

(/usr/local/texlive/2016/texmf-dist/tex/latex/graphics/keyval.sty
Package: keyval 2014/10/28 v1.15 key=value parser (DPC)
\KV@toks@=\toks16
)
\captionmargin=\dimen103
\captionmargin@=\dimen104
\captionwidth=\dimen105
\caption@tempdima=\dimen106
\caption@indent=\dimen107
\caption@parindent=\dimen108
\caption@hangindent=\dimen109
)
\c@ContinuedFloat=\count88
Package caption Info: float package is loaded.
)
(/usr/local/texlive/2016/texmf-dist/tex/latex/caption/subcaption.sty
Package: subcaption 2016/02/20 v1.1-142 Sub-captions (AR)
\c@subfigure=\count89
\c@subtable=\count90
)
(/usr/local/texlive/2016/texmf-dist/tex/latex/xcolor/xcolor.sty
Package: xcolor 2016/05/11 v2.12 LaTeX color extensions (UK)

(/usr/local/texlive/2016/texmf-dist/tex/latex/graphics-cfg/color.cfg
File: color.cfg 2016/01/02 v1.6 sample color configuration
)
Package xcolor Info: Driver file: pdftex.def on input line 225.

(/usr/local/texlive/2016/texmf-dist/tex/latex/pdftex-def/pdftex.def
File: pdftex.def 2011/05/27 v0.06d Graphics/color for pdfTeX

(/usr/local/texlive/2016/texmf-dist/tex/generic/oberdiek/infwarerr.sty
Package: infwarerr 2016/05/16 v1.4 Providing info/warning/error messages (HO)
)
(/usr/local/texlive/2016/texmf-dist/tex/generic/oberdiek/ltxcmds.sty
Package: ltxcmds 2016/05/16 v1.23 LaTeX kernel commands for general use (HO)
)
\Gread@gobject=\count91
)
Package xcolor Info: Model `cmy' substituted by `cmy0' on input line 1348.
Package xcolor Info: Model `hsb' substituted by `rgb' on input line 1352.
Package xcolor Info: Model `RGB' extended on input line 1364.
Package xcolor Info: Model `HTML' substituted by `rgb' on input line 1366.
Package xcolor Info: Model `Hsb' substituted by `hsb' on input line 1367.
Package xcolor Info: Model `tHsb' substituted by `hsb' on input line 1368.
Package xcolor Info: Model `HSB' substituted by `hsb' on input line 1369.
Package xcolor Info: Model `Gray' substituted by `gray' on input line 1370.
Package xcolor Info: Model `wave' substituted by `hsb' on input line 1371.
)
(/usr/local/texlive/2016/texmf-dist/tex/latex/geometry/geometry.sty
Package: geometry 2010/09/12 v5.6 Page Geometry

(/usr/local/texlive/2016/texmf-dist/tex/generic/oberdiek/ifpdf.sty
Package: ifpdf 2016/05/14 v3.1 Provides the ifpdf switch
)
(/usr/local/texlive/2016/texmf-dist/tex/generic/oberdiek/ifvtex.sty
Package: ifvtex 2016/05/16 v1.6 Detect VTeX and its facilities (HO)
Package ifvtex Info: VTeX not detected.
)
(/usr/local/texlive/2016/texmf-dist/tex/generic/ifxetex/ifxetex.sty
Package: ifxetex 2010/09/12 v0.6 Provides ifxetex conditional
)
\Gm@cnth=\count92
\Gm@cntv=\count93
\c@Gm@tempcnt=\count94
\Gm@bindingoffset=\dimen110
\Gm@wd@mp=\dimen111
\Gm@odd@mp=\dimen112
\Gm@even@mp=\dimen113
\Gm@layoutwidth=\dimen114
\Gm@layoutheight=\dimen115
\Gm@layouthoffset=\dimen116
\Gm@layoutvoffset=\dimen117
\Gm@dimlist=\toks17
)
(/usr/local/texlive/2016/texmf-dist/tex/latex/ms/ragged2e.sty
Package: ragged2e 2009/05/21 v2.1 ragged2e Package (MS)

(/usr/local/texlive/2016/texmf-dist/tex/latex/ms/everysel.sty
Package: everysel 2011/10/28 v1.2 EverySelectfont Package (MS)
)
\CenteringLeftskip=\skip43
\RaggedLeftLeftskip=\skip44
\RaggedRightLeftskip=\skip45
\CenteringRightskip=\skip46
\RaggedLeftRightskip=\skip47
\RaggedRightRightskip=\skip48
\CenteringParfillskip=\skip49
\RaggedLeftParfillskip=\skip50
\RaggedRightParfillskip=\skip51
\JustifyingParfillskip=\skip52
\CenteringParindent=\skip53
\RaggedLeftParindent=\skip54
\RaggedRightParindent=\skip55
\JustifyingParindent=\skip56
)
(/usr/local/texlive/2016/texmf-dist/tex/latex/booktabs/booktabs.sty
Package: booktabs 2016/04/27 v1.618033 publication quality tables
\heavyrulewidth=\dimen118
\lightrulewidth=\dimen119
\cmidrulewidth=\dimen120
\belowrulesep=\dimen121
\belowbottomsep=\dimen122
\aboverulesep=\dimen123
\abovetopsep=\dimen124
\cmidrulesep=\dimen125
\cmidrulekern=\dimen126
\defaultaddspace=\dimen127
\@cmidla=\count95
\@cmidlb=\count96
\@aboverulesep=\dimen128
\@belowrulesep=\dimen129
\@thisruleclass=\count97
\@lastruleclass=\count98
\@thisrulewidth=\dimen130
)
(/usr/local/texlive/2016/texmf-dist/tex/generic/babel/babel.sty
Package: babel 2016/04/23 3.9r The Babel package

(/usr/local/texlive/2016/texmf-dist/tex/generic/babel-russian/russianb.ldf
Language: russianb 2016/02/18 1.3h Russian support for the Babel system

(/usr/local/texlive/2016/texmf-dist/tex/generic/babel/babel.def
File: babel.def 2016/04/23 3.9r Babel common definitions
\babel@savecnt=\count99
\U@D=\dimen131
)

Package babel Warning: No Cyrillic font encoding has been loaded so far.
(babel)                A font encoding should be declared before babel.
(babel)                Default `T2A' encoding will be loaded  on input line 69.


(/usr/local/texlive/2016/texmf-dist/tex/latex/cyrillic/t2aenc.def
File: t2aenc.def 2005/09/27 v1.0i Cyrillic encoding definition file
)

Package babel Warning: No input encoding specified for Russian language on inpu
t line 110.

Package babel Info: Making " an active character on input line 111.
)) (/usr/local/texlive/2016/texmf-dist/tex/latex/amsfonts/amssymb.sty
Package: amssymb 2013/01/14 v3.01 AMS font symbols

(/usr/local/texlive/2016/texmf-dist/tex/latex/amsfonts/amsfonts.sty
Package: amsfonts 2013/01/14 v3.01 Basic AMSFonts support
\@emptytoks=\toks18
\symAMSa=\mathgroup4
\symAMSb=\mathgroup5
LaTeX Font Info:    Overwriting math alphabet `\mathfrak' in version `bold'
(Font)                  U/euf/m/n --> U/euf/b/n on input line 106.
))
(/usr/local/texlive/2016/texmf-dist/tex/latex/tools/enumerate.sty
Package: enumerate 2015/07/23 v3.00 enumerate extensions (DPC)
\@enLab=\toks19
)
(/usr/local/texlive/2016/texmf-dist/tex/latex/units/units.sty
Package: units 1998/08/04 v0.9b Typesetting units

(/usr/local/texlive/2016/texmf-dist/tex/latex/base/ifthen.sty
Package: ifthen 2014/09/29 v1.1c Standard LaTeX ifthen package (DPC)
)
(/usr/local/texlive/2016/texmf-dist/tex/latex/units/nicefrac.sty
Package: nicefrac 1998/08/04 v0.9b Nice fractions
\L@UnitsRaiseDisplaystyle=\skip57
\L@UnitsRaiseTextstyle=\skip58
\L@UnitsRaiseScriptstyle=\skip59
))
(/usr/local/texlive/2016/texmf-dist/tex/latex/hyperref/hyperref.sty
Package: hyperref 2016/05/05 v6.83n Hypertext links for LaTeX

(/usr/local/texlive/2016/texmf-dist/tex/generic/oberdiek/hobsub-hyperref.sty
Package: hobsub-hyperref 2016/05/16 v1.14 Bundle oberdiek, subset hyperref (HO)


(/usr/local/texlive/2016/texmf-dist/tex/generic/oberdiek/hobsub-generic.sty
Package: hobsub-generic 2016/05/16 v1.14 Bundle oberdiek, subset generic (HO)
Package: hobsub 2016/05/16 v1.14 Construct package bundles (HO)
Package hobsub Info: Skipping package `infwarerr' (already loaded).
Package hobsub Info: Skipping package `ltxcmds' (already loaded).
Package: ifluatex 2016/05/16 v1.4 Provides the ifluatex switch (HO)
Package ifluatex Info: LuaTeX not detected.
Package hobsub Info: Skipping package `ifvtex' (already loaded).
Package: intcalc 2016/05/16 v1.2 Expandable calculations with integers (HO)
Package hobsub Info: Skipping package `ifpdf' (already loaded).
Package: etexcmds 2016/05/16 v1.6 Avoid name clashes with e-TeX commands (HO)
Package etexcmds Info: Could not find \expanded.
(etexcmds)             That can mean that you are not using pdfTeX 1.50 or
(etexcmds)             that some package has redefined \expanded.
(etexcmds)             In the latter case, load this package earlier.
Package: kvsetkeys 2016/05/16 v1.17 Key value parser (HO)
Package: kvdefinekeys 2016/05/16 v1.4 Define keys (HO)
Package: pdftexcmds 2016/05/10 v0.21 Utility functions of pdfTeX for LuaTeX (HO
)
Package pdftexcmds Info: LuaTeX not detected.
Package pdftexcmds Info: \pdf@primitive is available.
Package pdftexcmds Info: \pdf@ifprimitive is available.
Package pdftexcmds Info: \pdfdraftmode found.
Package: pdfescape 2016/05/16 v1.14 Implements pdfTeX's escape features (HO)
Package: bigintcalc 2016/05/16 v1.4 Expandable calculations on big integers (HO
)
Package: bitset 2016/05/16 v1.2 Handle bit-vector datatype (HO)
Package: uniquecounter 2016/05/16 v1.3 Provide unlimited unique counter (HO)
)
Package hobsub Info: Skipping package `hobsub' (already loaded).
Package: letltxmacro 2016/05/16 v1.5 Let assignment for LaTeX macros (HO)
Package: hopatch 2016/05/16 v1.3 Wrapper for package hooks (HO)
Package: xcolor-patch 2016/05/16 xcolor patch
Package: atveryend 2016/05/16 v1.9 Hooks at the very end of document (HO)
Package atveryend Info: \enddocument detected (standard20110627).
Package: atbegshi 2016/05/16 v1.17 At begin shipout hook (HO)
Package: refcount 2016/05/16 v3.5 Data extraction from label references (HO)
Package: hycolor 2016/05/16 v1.8 Color options for hyperref/bookmark (HO)
)
(/usr/local/texlive/2016/texmf-dist/tex/latex/oberdiek/auxhook.sty
Package: auxhook 2016/05/16 v1.4 Hooks for auxiliary files (HO)
)
(/usr/local/texlive/2016/texmf-dist/tex/latex/oberdiek/kvoptions.sty
Package: kvoptions 2016/05/16 v3.12 Key value format for package options (HO)
)
\@linkdim=\dimen132
\Hy@linkcounter=\count100
\Hy@pagecounter=\count101

(/usr/local/texlive/2016/texmf-dist/tex/latex/hyperref/pd1enc.def
File: pd1enc.def 2016/05/05 v6.83n Hyperref: PDFDocEncoding definition (HO)
)
\Hy@SavedSpaceFactor=\count102
Package hyperref Info: Option `unicode' set `true' on input line 3414.

(/usr/local/texlive/2016/texmf-dist/tex/latex/hyperref/puenc.def
File: puenc.def 2016/05/05 v6.83n Hyperref: PDF Unicode definition (HO)
)
(/usr/local/texlive/2016/texmf-dist/tex/latex/latexconfig/hyperref.cfg
File: hyperref.cfg 2002/06/06 v1.2 hyperref configuration of TeXLive
)
Package hyperref Info: Hyper figures OFF on input line 4446.
Package hyperref Info: Link nesting OFF on input line 4451.
Package hyperref Info: Hyper index ON on input line 4454.
Package hyperref Info: Plain pages OFF on input line 4461.
Package hyperref Info: Backreferencing OFF on input line 4466.
Package hyperref Info: Implicit mode ON; LaTeX internals redefined.
Package hyperref Info: Bookmarks ON on input line 4691.
\c@Hy@tempcnt=\count103

(/usr/local/texlive/2016/texmf-dist/tex/latex/url/url.sty
\Urlmuskip=\muskip10
Package: url 2013/09/16  ver 3.4  Verb mode for urls, etc.
)
LaTeX Info: Redefining \url on input line 5044.
\XeTeXLinkMargin=\dimen133
\Fld@menulength=\count104
\Field@Width=\dimen134
\Fld@charsize=\dimen135
Package hyperref Info: Hyper figures OFF on input line 6298.
Package hyperref Info: Link nesting OFF on input line 6303.
Package hyperref Info: Hyper index ON on input line 6306.
Package hyperref Info: backreferencing OFF on input line 6313.
Package hyperref Info: Link coloring OFF on input line 6318.
Package hyperref Info: Link coloring with OCG OFF on input line 6323.
Package hyperref Info: PDF/A mode OFF on input line 6328.
LaTeX Info: Redefining \ref on input line 6368.
LaTeX Info: Redefining \pageref on input line 6372.
\Hy@abspage=\count105
\c@Item=\count106
\c@Hfootnote=\count107
)

Package hyperref Message: Driver (autodetected): hpdftex.

(/usr/local/texlive/2016/texmf-dist/tex/latex/hyperref/hpdftex.def
File: hpdftex.def 2016/05/05 v6.83n Hyperref driver for pdfTeX
\Fld@listcount=\count108
\c@bookmark@seq@number=\count109

(/usr/local/texlive/2016/texmf-dist/tex/latex/oberdiek/rerunfilecheck.sty
Package: rerunfilecheck 2016/05/16 v1.8 Rerun checks for auxiliary files (HO)
Package uniquecounter Info: New unique counter `rerunfilecheck' on input line 2
82.
)
\Hy@SectionHShift=\skip60
)
Package hyperref Info: Option `colorlinks' set `true' on input line 38.
\c@theorem=\count110
\c@lemma=\count111

(/usr/local/texlive/2016/texmf-dist/tex/latex/pgf/frontendlayer/tikz.sty
(/usr/local/texlive/2016/texmf-dist/tex/latex/pgf/basiclayer/pgf.sty
(/usr/local/texlive/2016/texmf-dist/tex/latex/pgf/utilities/pgfrcs.sty
(/usr/local/texlive/2016/texmf-dist/tex/generic/pgf/utilities/pgfutil-common.te
x
\pgfutil@everybye=\toks20
\pgfutil@tempdima=\dimen136
\pgfutil@tempdimb=\dimen137

(/usr/local/texlive/2016/texmf-dist/tex/generic/pgf/utilities/pgfutil-common-li
sts.tex))
(/usr/local/texlive/2016/texmf-dist/tex/generic/pgf/utilities/pgfutil-latex.def
\pgfutil@abb=\box28
(/usr/local/texlive/2016/texmf-dist/tex/latex/ms/everyshi.sty
Package: everyshi 2001/05/15 v3.00 EveryShipout Package (MS)
))
(/usr/local/texlive/2016/texmf-dist/tex/generic/pgf/utilities/pgfrcs.code.tex
Package: pgfrcs 2015/08/07 v3.0.1a (rcs-revision 1.31)
))
Package: pgf 2015/08/07 v3.0.1a (rcs-revision 1.15)
(/usr/local/texlive/2016/texmf-dist/tex/latex/pgf/basiclayer/pgfcore.sty
(/usr/local/texlive/2016/texmf-dist/tex/latex/graphics/graphicx.sty
Package: graphicx 2014/10/28 v1.0g Enhanced LaTeX Graphics (DPC,SPQR)

(/usr/local/texlive/2016/texmf-dist/tex/latex/graphics/graphics.sty
Package: graphics 2016/05/09 v1.0r Standard LaTeX Graphics (DPC,SPQR)

(/usr/local/texlive/2016/texmf-dist/tex/latex/graphics/trig.sty
Package: trig 2016/01/03 v1.10 sin cos tan (DPC)
)
(/usr/local/texlive/2016/texmf-dist/tex/latex/graphics-cfg/graphics.cfg
File: graphics.cfg 2016/01/02 v1.10 sample graphics configuration
)
Package graphics Info: Driver file: pdftex.def on input line 96.
)
\Gin@req@height=\dimen138
\Gin@req@width=\dimen139
)
(/usr/local/texlive/2016/texmf-dist/tex/latex/pgf/systemlayer/pgfsys.sty
(/usr/local/texlive/2016/texmf-dist/tex/generic/pgf/systemlayer/pgfsys.code.tex
Package: pgfsys 2014/07/09 v3.0.1a (rcs-revision 1.48)
(/usr/local/texlive/2016/texmf-dist/tex/generic/pgf/utilities/pgfkeys.code.tex
\pgfkeys@pathtoks=\toks21
\pgfkeys@temptoks=\toks22

(/usr/local/texlive/2016/texmf-dist/tex/generic/pgf/utilities/pgfkeysfiltered.c
ode.tex
\pgfkeys@tmptoks=\toks23
))
\pgf@x=\dimen140
\pgf@y=\dimen141
\pgf@xa=\dimen142
\pgf@ya=\dimen143
\pgf@xb=\dimen144
\pgf@yb=\dimen145
\pgf@xc=\dimen146
\pgf@yc=\dimen147
\w@pgf@writea=\write3
\r@pgf@reada=\read1
\c@pgf@counta=\count112
\c@pgf@countb=\count113
\c@pgf@countc=\count114
\c@pgf@countd=\count115
\t@pgf@toka=\toks24
\t@pgf@tokb=\toks25
\t@pgf@tokc=\toks26

(/usr/local/texlive/2016/texmf-dist/tex/generic/pgf/systemlayer/pgf.cfg
File: pgf.cfg 2008/05/14  (rcs-revision 1.7)
)
Driver file for pgf: pgfsys-pdftex.def

(/usr/local/texlive/2016/texmf-dist/tex/generic/pgf/systemlayer/pgfsys-pdftex.d
ef
File: pgfsys-pdftex.def 2014/10/11  (rcs-revision 1.35)

(/usr/local/texlive/2016/texmf-dist/tex/generic/pgf/systemlayer/pgfsys-common-p
df.def
File: pgfsys-common-pdf.def 2013/10/10  (rcs-revision 1.13)
)))
(/usr/local/texlive/2016/texmf-dist/tex/generic/pgf/systemlayer/pgfsyssoftpath.
code.tex
File: pgfsyssoftpath.code.tex 2013/09/09  (rcs-revision 1.9)
\pgfsyssoftpath@smallbuffer@items=\count116
\pgfsyssoftpath@bigbuffer@items=\count117
)
(/usr/local/texlive/2016/texmf-dist/tex/generic/pgf/systemlayer/pgfsysprotocol.
code.tex
File: pgfsysprotocol.code.tex 2006/10/16  (rcs-revision 1.4)
))
(/usr/local/texlive/2016/texmf-dist/tex/generic/pgf/basiclayer/pgfcore.code.tex
Package: pgfcore 2010/04/11 v3.0.1a (rcs-revision 1.7)
(/usr/local/texlive/2016/texmf-dist/tex/generic/pgf/math/pgfmath.code.tex
(/usr/local/texlive/2016/texmf-dist/tex/generic/pgf/math/pgfmathcalc.code.tex
(/usr/local/texlive/2016/texmf-dist/tex/generic/pgf/math/pgfmathutil.code.tex)
(/usr/local/texlive/2016/texmf-dist/tex/generic/pgf/math/pgfmathparser.code.tex
\pgfmath@dimen=\dimen148
\pgfmath@count=\count118
\pgfmath@box=\box29
\pgfmath@toks=\toks27
\pgfmath@stack@operand=\toks28
\pgfmath@stack@operation=\toks29
)
(/usr/local/texlive/2016/texmf-dist/tex/generic/pgf/math/pgfmathfunctions.code.
tex
(/usr/local/texlive/2016/texmf-dist/tex/generic/pgf/math/pgfmathfunctions.basic
.code.tex)
(/usr/local/texlive/2016/texmf-dist/tex/generic/pgf/math/pgfmathfunctions.trigo
nometric.code.tex)
(/usr/local/texlive/2016/texmf-dist/tex/generic/pgf/math/pgfmathfunctions.rando
m.code.tex)
(/usr/local/texlive/2016/texmf-dist/tex/generic/pgf/math/pgfmathfunctions.compa
rison.code.tex)
(/usr/local/texlive/2016/texmf-dist/tex/generic/pgf/math/pgfmathfunctions.base.
code.tex)
(/usr/local/texlive/2016/texmf-dist/tex/generic/pgf/math/pgfmathfunctions.round
.code.tex)
(/usr/local/texlive/2016/texmf-dist/tex/generic/pgf/math/pgfmathfunctions.misc.
code.tex)
(/usr/local/texlive/2016/texmf-dist/tex/generic/pgf/math/pgfmathfunctions.integ
erarithmetics.code.tex)))
(/usr/local/texlive/2016/texmf-dist/tex/generic/pgf/math/pgfmathfloat.code.tex
\c@pgfmathroundto@lastzeros=\count119
))
(/usr/local/texlive/2016/texmf-dist/tex/generic/pgf/basiclayer/pgfcorepoints.co
de.tex
File: pgfcorepoints.code.tex 2013/10/07  (rcs-revision 1.27)
\pgf@picminx=\dimen149
\pgf@picmaxx=\dimen150
\pgf@picminy=\dimen151
\pgf@picmaxy=\dimen152
\pgf@pathminx=\dimen153
\pgf@pathmaxx=\dimen154
\pgf@pathminy=\dimen155
\pgf@pathmaxy=\dimen156
\pgf@xx=\dimen157
\pgf@xy=\dimen158
\pgf@yx=\dimen159
\pgf@yy=\dimen160
\pgf@zx=\dimen161
\pgf@zy=\dimen162
)
(/usr/local/texlive/2016/texmf-dist/tex/generic/pgf/basiclayer/pgfcorepathconst
ruct.code.tex
File: pgfcorepathconstruct.code.tex 2013/10/07  (rcs-revision 1.29)
\pgf@path@lastx=\dimen163
\pgf@path@lasty=\dimen164
)
(/usr/local/texlive/2016/texmf-dist/tex/generic/pgf/basiclayer/pgfcorepathusage
.code.tex
File: pgfcorepathusage.code.tex 2014/11/02  (rcs-revision 1.24)
\pgf@shorten@end@additional=\dimen165
\pgf@shorten@start@additional=\dimen166
)
(/usr/local/texlive/2016/texmf-dist/tex/generic/pgf/basiclayer/pgfcorescopes.co
de.tex
File: pgfcorescopes.code.tex 2015/05/08  (rcs-revision 1.46)
\pgfpic=\box30
\pgf@hbox=\box31
\pgf@layerbox@main=\box32
\pgf@picture@serial@count=\count120
)
(/usr/local/texlive/2016/texmf-dist/tex/generic/pgf/basiclayer/pgfcoregraphicst
ate.code.tex
File: pgfcoregraphicstate.code.tex 2014/11/02  (rcs-revision 1.12)
\pgflinewidth=\dimen167
)
(/usr/local/texlive/2016/texmf-dist/tex/generic/pgf/basiclayer/pgfcoretransform
ations.code.tex
File: pgfcoretransformations.code.tex 2015/08/07  (rcs-revision 1.20)
\pgf@pt@x=\dimen168
\pgf@pt@y=\dimen169
\pgf@pt@temp=\dimen170
)
(/usr/local/texlive/2016/texmf-dist/tex/generic/pgf/basiclayer/pgfcorequick.cod
e.tex
File: pgfcorequick.code.tex 2008/10/09  (rcs-revision 1.3)
)
(/usr/local/texlive/2016/texmf-dist/tex/generic/pgf/basiclayer/pgfcoreobjects.c
ode.tex
File: pgfcoreobjects.code.tex 2006/10/11  (rcs-revision 1.2)
)
(/usr/local/texlive/2016/texmf-dist/tex/generic/pgf/basiclayer/pgfcorepathproce
ssing.code.tex
File: pgfcorepathprocessing.code.tex 2013/09/09  (rcs-revision 1.9)
)
(/usr/local/texlive/2016/texmf-dist/tex/generic/pgf/basiclayer/pgfcorearrows.co
de.tex
File: pgfcorearrows.code.tex 2015/05/14  (rcs-revision 1.43)
\pgfarrowsep=\dimen171
)
(/usr/local/texlive/2016/texmf-dist/tex/generic/pgf/basiclayer/pgfcoreshade.cod
e.tex
File: pgfcoreshade.code.tex 2013/07/15  (rcs-revision 1.15)
\pgf@max=\dimen172
\pgf@sys@shading@range@num=\count121
)
(/usr/local/texlive/2016/texmf-dist/tex/generic/pgf/basiclayer/pgfcoreimage.cod
e.tex
File: pgfcoreimage.code.tex 2013/07/15  (rcs-revision 1.18)

(/usr/local/texlive/2016/texmf-dist/tex/generic/pgf/basiclayer/pgfcoreexternal.
code.tex
File: pgfcoreexternal.code.tex 2014/07/09  (rcs-revision 1.21)
\pgfexternal@startupbox=\box33
))
(/usr/local/texlive/2016/texmf-dist/tex/generic/pgf/basiclayer/pgfcorelayers.co
de.tex
File: pgfcorelayers.code.tex 2013/07/18  (rcs-revision 1.7)
)
(/usr/local/texlive/2016/texmf-dist/tex/generic/pgf/basiclayer/pgfcoretranspare
ncy.code.tex
File: pgfcoretransparency.code.tex 2013/09/30  (rcs-revision 1.5)
)
(/usr/local/texlive/2016/texmf-dist/tex/generic/pgf/basiclayer/pgfcorepatterns.
code.tex
File: pgfcorepatterns.code.tex 2013/11/07  (rcs-revision 1.5)
)))
(/usr/local/texlive/2016/texmf-dist/tex/generic/pgf/modules/pgfmoduleshapes.cod
e.tex
File: pgfmoduleshapes.code.tex 2014/03/21  (rcs-revision 1.35)
\pgfnodeparttextbox=\box34
)
(/usr/local/texlive/2016/texmf-dist/tex/generic/pgf/modules/pgfmoduleplot.code.
tex
File: pgfmoduleplot.code.tex 2015/08/03  (rcs-revision 1.13)
)
(/usr/local/texlive/2016/texmf-dist/tex/latex/pgf/compatibility/pgfcomp-version
-0-65.sty
Package: pgfcomp-version-0-65 2007/07/03 v3.0.1a (rcs-revision 1.7)
\pgf@nodesepstart=\dimen173
\pgf@nodesepend=\dimen174
)
(/usr/local/texlive/2016/texmf-dist/tex/latex/pgf/compatibility/pgfcomp-version
-1-18.sty
Package: pgfcomp-version-1-18 2007/07/23 v3.0.1a (rcs-revision 1.1)
))
(/usr/local/texlive/2016/texmf-dist/tex/latex/pgf/utilities/pgffor.sty
(/usr/local/texlive/2016/texmf-dist/tex/latex/pgf/utilities/pgfkeys.sty
(/usr/local/texlive/2016/texmf-dist/tex/generic/pgf/utilities/pgfkeys.code.tex)
) (/usr/local/texlive/2016/texmf-dist/tex/latex/pgf/math/pgfmath.sty
(/usr/local/texlive/2016/texmf-dist/tex/generic/pgf/math/pgfmath.code.tex))
(/usr/local/texlive/2016/texmf-dist/tex/generic/pgf/utilities/pgffor.code.tex
Package: pgffor 2013/12/13 v3.0.1a (rcs-revision 1.25)

(/usr/local/texlive/2016/texmf-dist/tex/generic/pgf/math/pgfmath.code.tex)
\pgffor@iter=\dimen175
\pgffor@skip=\dimen176
\pgffor@stack=\toks30
\pgffor@toks=\toks31
))
(/usr/local/texlive/2016/texmf-dist/tex/generic/pgf/frontendlayer/tikz/tikz.cod
e.tex
Package: tikz 2015/08/07 v3.0.1a (rcs-revision 1.151)

(/usr/local/texlive/2016/texmf-dist/tex/generic/pgf/libraries/pgflibraryplothan
dlers.code.tex
File: pgflibraryplothandlers.code.tex 2013/08/31 v3.0.1a (rcs-revision 1.20)
\pgf@plot@mark@count=\count122
\pgfplotmarksize=\dimen177
)
\tikz@lastx=\dimen178
\tikz@lasty=\dimen179
\tikz@lastxsaved=\dimen180
\tikz@lastysaved=\dimen181
\tikzleveldistance=\dimen182
\tikzsiblingdistance=\dimen183
\tikz@figbox=\box35
\tikz@figbox@bg=\box36
\tikz@tempbox=\box37
\tikz@tempbox@bg=\box38
\tikztreelevel=\count123
\tikznumberofchildren=\count124
\tikznumberofcurrentchild=\count125
\tikz@fig@count=\count126

(/usr/local/texlive/2016/texmf-dist/tex/generic/pgf/modules/pgfmodulematrix.cod
e.tex
File: pgfmodulematrix.code.tex 2013/09/17  (rcs-revision 1.8)
\pgfmatrixcurrentrow=\count127
\pgfmatrixcurrentcolumn=\count128
\pgf@matrix@numberofcolumns=\count129
)
\tikz@expandcount=\count130

(/usr/local/texlive/2016/texmf-dist/tex/generic/pgf/frontendlayer/tikz/librarie
s/tikzlibrarytopaths.code.tex
File: tikzlibrarytopaths.code.tex 2008/06/17 v3.0.1a (rcs-revision 1.2)
)))
(/usr/local/texlive/2016/texmf-dist/tex/latex/tikz-3dplot/tikz-3dplot.sty
(/usr/local/texlive/2016/texmf-dist/tex/generic/pgf/frontendlayer/tikz/librarie
s/tikzlibrarycalc.code.tex
File: tikzlibrarycalc.code.tex 2013/07/15 v3.0.1a (rcs-revision 1.9)
)
(/usr/local/texlive/2016/texmf-dist/tex/generic/pgf/frontendlayer/tikz/librarie
s/tikzlibrary3d.code.tex
File: tikzlibrary3d.code.tex 2013/07/17 v3.0.1a (rcs-revision 1.2)
)
(/usr/local/texlive/2016/texmf-dist/tex/generic/pgf/frontendlayer/tikz/librarie
s/tikzlibraryarrows.code.tex
File: tikzlibraryarrows.code.tex 2008/01/09 v3.0.1a (rcs-revision 1.1)

(/usr/local/texlive/2016/texmf-dist/tex/generic/pgf/libraries/pgflibraryarrows.
code.tex
File: pgflibraryarrows.code.tex 2013/09/23 v3.0.1a (rcs-revision 1.16)
\arrowsize=\dimen184
))) (/usr/local/texlive/2016/texmf-dist/tex/latex/pdfpages/pdfpages.sty
Package: pdfpages 2016/04/19 v0.5f Insert pages of external PDF documents (AM)
(/usr/local/texlive/2016/texmf-dist/tex/latex/tools/calc.sty
Package: calc 2014/10/28 v4.3 Infix arithmetic (KKT,FJ)
\calc@Acount=\count131
\calc@Bcount=\count132
\calc@Adimen=\dimen185
\calc@Bdimen=\dimen186
\calc@Askip=\skip61
\calc@Bskip=\skip62
LaTeX Info: Redefining \setlength on input line 80.
LaTeX Info: Redefining \addtolength on input line 81.
\calc@Ccount=\count133
\calc@Cskip=\skip63
)
(/usr/local/texlive/2016/texmf-dist/tex/latex/eso-pic/eso-pic.sty
Package: eso-pic 2015/07/21 v2.0g eso-pic (RN)
)
\AM@pagewidth=\dimen187
\AM@pageheight=\dimen188

(/usr/local/texlive/2016/texmf-dist/tex/latex/pdfpages/pppdftex.def
File: pppdftex.def 2016/04/19 v0.5f Pdfpages driver for pdfTeX (AM)
)
\AM@pagebox=\box39
\AM@global@opts=\toks32
\AM@toc@title=\toks33
\c@AM@survey=\count134
\AM@templatesizebox=\box40
)
(/usr/local/texlive/2016/texmf-dist/tex/latex/amsmath/amsmath.sty
Package: amsmath 2016/03/10 v2.15b AMS math features
\@mathmargin=\skip64

For additional information on amsmath, use the `?' option.
(/usr/local/texlive/2016/texmf-dist/tex/latex/amsmath/amstext.sty
Package: amstext 2000/06/29 v2.01 AMS text

(/usr/local/texlive/2016/texmf-dist/tex/latex/amsmath/amsgen.sty
File: amsgen.sty 1999/11/30 v2.0 generic functions
\@emptytoks=\toks34
\ex@=\dimen189
))
(/usr/local/texlive/2016/texmf-dist/tex/latex/amsmath/amsbsy.sty
Package: amsbsy 1999/11/29 v1.2d Bold Symbols
\pmbraise@=\dimen190
)
(/usr/local/texlive/2016/texmf-dist/tex/latex/amsmath/amsopn.sty
Package: amsopn 2016/03/08 v2.02 operator names
)
\inf@bad=\count135
LaTeX Info: Redefining \frac on input line 199.
\uproot@=\count136
\leftroot@=\count137
LaTeX Info: Redefining \overline on input line 297.
\classnum@=\count138
\DOTSCASE@=\count139
LaTeX Info: Redefining \ldots on input line 394.
LaTeX Info: Redefining \dots on input line 397.
LaTeX Info: Redefining \cdots on input line 518.
\Mathstrutbox@=\box41
\strutbox@=\box42
\big@size=\dimen191
LaTeX Font Info:    Redeclaring font encoding OML on input line 634.
LaTeX Font Info:    Redeclaring font encoding OMS on input line 635.
\macc@depth=\count140
\c@MaxMatrixCols=\count141
\dotsspace@=\muskip11
\c@parentequation=\count142
\dspbrk@lvl=\count143
\tag@help=\toks35
\row@=\count144
\column@=\count145
\maxfields@=\count146
\andhelp@=\toks36
\eqnshift@=\dimen192
\alignsep@=\dimen193
\tagshift@=\dimen194
\tagwidth@=\dimen195
\totwidth@=\dimen196
\lineht@=\dimen197
\@envbody=\toks37
\multlinegap=\skip65
\multlinetaggap=\skip66
\mathdisplay@stack=\toks38
LaTeX Info: Redefining \[ on input line 2739.
LaTeX Info: Redefining \] on input line 2740.
)
(/usr/local/texlive/2016/texmf-dist/tex/latex/base/textcomp.sty
Package: textcomp 2005/09/27 v1.99g Standard LaTeX package
Package textcomp Info: Sub-encoding information:
(textcomp)               5 = only ISO-Adobe without \textcurrency
(textcomp)               4 = 5 + \texteuro
(textcomp)               3 = 4 + \textohm
(textcomp)               2 = 3 + \textestimated + \textcurrency
(textcomp)               1 = TS1 - \textcircled - \t
(textcomp)               0 = TS1 (full)
(textcomp)             Font families with sub-encoding setting implement
(textcomp)             only a restricted character set as indicated.
(textcomp)             Family '?' is the default used for unknown fonts.
(textcomp)             See the documentation for details.
Package textcomp Info: Setting ? sub-encoding to TS1/1 on input line 79.

(/usr/local/texlive/2016/texmf-dist/tex/latex/base/ts1enc.def
File: ts1enc.def 2001/06/05 v3.0e (jk/car/fm) Standard LaTeX file
)
LaTeX Info: Redefining \oldstylenums on input line 334.
Package textcomp Info: Setting cmr sub-encoding to TS1/0 on input line 349.
Package textcomp Info: Setting cmss sub-encoding to TS1/0 on input line 350.
Package textcomp Info: Setting cmtt sub-encoding to TS1/0 on input line 351.
Package textcomp Info: Setting cmvtt sub-encoding to TS1/0 on input line 352.
Package textcomp Info: Setting cmbr sub-encoding to TS1/0 on input line 353.
Package textcomp Info: Setting cmtl sub-encoding to TS1/0 on input line 354.
Package textcomp Info: Setting ccr sub-encoding to TS1/0 on input line 355.
Package textcomp Info: Setting ptm sub-encoding to TS1/4 on input line 356.
Package textcomp Info: Setting pcr sub-encoding to TS1/4 on input line 357.
Package textcomp Info: Setting phv sub-encoding to TS1/4 on input line 358.
Package textcomp Info: Setting ppl sub-encoding to TS1/3 on input line 359.
Package textcomp Info: Setting pag sub-encoding to TS1/4 on input line 360.
Package textcomp Info: Setting pbk sub-encoding to TS1/4 on input line 361.
Package textcomp Info: Setting pnc sub-encoding to TS1/4 on input line 362.
Package textcomp Info: Setting pzc sub-encoding to TS1/4 on input line 363.
Package textcomp Info: Setting bch sub-encoding to TS1/4 on input line 364.
Package textcomp Info: Setting put sub-encoding to TS1/5 on input line 365.
Package textcomp Info: Setting uag sub-encoding to TS1/5 on input line 366.
Package textcomp Info: Setting ugq sub-encoding to TS1/5 on input line 367.
Package textcomp Info: Setting ul8 sub-encoding to TS1/4 on input line 368.
Package textcomp Info: Setting ul9 sub-encoding to TS1/4 on input line 369.
Package textcomp Info: Setting augie sub-encoding to TS1/5 on input line 370.
Package textcomp Info: Setting dayrom sub-encoding to TS1/3 on input line 371.
Package textcomp Info: Setting dayroms sub-encoding to TS1/3 on input line 372.

Package textcomp Info: Setting pxr sub-encoding to TS1/0 on input line 373.
Package textcomp Info: Setting pxss sub-encoding to TS1/0 on input line 374.
Package textcomp Info: Setting pxtt sub-encoding to TS1/0 on input line 375.
Package textcomp Info: Setting txr sub-encoding to TS1/0 on input line 376.
Package textcomp Info: Setting txss sub-encoding to TS1/0 on input line 377.
Package textcomp Info: Setting txtt sub-encoding to TS1/0 on input line 378.
Package textcomp Info: Setting lmr sub-encoding to TS1/0 on input line 379.
Package textcomp Info: Setting lmdh sub-encoding to TS1/0 on input line 380.
Package textcomp Info: Setting lmss sub-encoding to TS1/0 on input line 381.
Package textcomp Info: Setting lmssq sub-encoding to TS1/0 on input line 382.
Package textcomp Info: Setting lmvtt sub-encoding to TS1/0 on input line 383.
Package textcomp Info: Setting lmtt sub-encoding to TS1/0 on input line 384.
Package textcomp Info: Setting qhv sub-encoding to TS1/0 on input line 385.
Package textcomp Info: Setting qag sub-encoding to TS1/0 on input line 386.
Package textcomp Info: Setting qbk sub-encoding to TS1/0 on input line 387.
Package textcomp Info: Setting qcr sub-encoding to TS1/0 on input line 388.
Package textcomp Info: Setting qcs sub-encoding to TS1/0 on input line 389.
Package textcomp Info: Setting qpl sub-encoding to TS1/0 on input line 390.
Package textcomp Info: Setting qtm sub-encoding to TS1/0 on input line 391.
Package textcomp Info: Setting qzc sub-encoding to TS1/0 on input line 392.
Package textcomp Info: Setting qhvc sub-encoding to TS1/0 on input line 393.
Package textcomp Info: Setting futs sub-encoding to TS1/4 on input line 394.
Package textcomp Info: Setting futx sub-encoding to TS1/4 on input line 395.
Package textcomp Info: Setting futj sub-encoding to TS1/4 on input line 396.
Package textcomp Info: Setting hlh sub-encoding to TS1/3 on input line 397.
Package textcomp Info: Setting hls sub-encoding to TS1/3 on input line 398.
Package textcomp Info: Setting hlst sub-encoding to TS1/3 on input line 399.
Package textcomp Info: Setting hlct sub-encoding to TS1/5 on input line 400.
Package textcomp Info: Setting hlx sub-encoding to TS1/5 on input line 401.
Package textcomp Info: Setting hlce sub-encoding to TS1/5 on input line 402.
Package textcomp Info: Setting hlcn sub-encoding to TS1/5 on input line 403.
Package textcomp Info: Setting hlcw sub-encoding to TS1/5 on input line 404.
Package textcomp Info: Setting hlcf sub-encoding to TS1/5 on input line 405.
Package textcomp Info: Setting pplx sub-encoding to TS1/3 on input line 406.
Package textcomp Info: Setting pplj sub-encoding to TS1/3 on input line 407.
Package textcomp Info: Setting ptmx sub-encoding to TS1/4 on input line 408.
Package textcomp Info: Setting ptmj sub-encoding to TS1/4 on input line 409.
)
(/usr/local/texlive/2016/texmf-dist/tex/latex/was/gensymb.sty
Package: gensymb 2003/07/02 v1.0 (WaS)
)
(/usr/local/texlive/2016/texmf-dist/tex/latex/physics/physics.sty
Package: physics 

(/usr/local/texlive/2016/texmf-dist/tex/latex/l3packages/xparse/xparse.sty
(/usr/local/texlive/2016/texmf-dist/tex/latex/l3kernel/expl3.sty
Package: expl3 2016/05/18 v6512 L3 programming layer (loader) 

(/usr/local/texlive/2016/texmf-dist/tex/latex/l3kernel/expl3-code.tex
Package: expl3 2016/05/18 v6512 L3 programming layer (code)
L3 Module: l3bootstrap 2016/02/12 v6412 L3 Bootstrap code
L3 Module: l3names 2016/03/11 v6433 L3 Namespace for primitives
L3 Module: l3basics 2015/11/22 v6315 L3 Basic definitions
L3 Module: l3expan 2015/09/10 v5983 L3 Argument expansion
L3 Module: l3tl 2016/03/26 v6465 L3 Token lists
L3 Module: l3str 2016/03/24 v6441 L3 Strings
L3 Module: l3seq 2015/08/05 v5777 L3 Sequences and stacks
L3 Module: l3int 2016/03/24 v6441 L3 Integers
\c_max_int=\count147
\l_tmpa_int=\count148
\l_tmpb_int=\count149
\g_tmpa_int=\count150
\g_tmpb_int=\count151
L3 Module: l3quark 2015/08/17 v5855 L3 Quarks
L3 Module: l3prg 2015/11/01 v6216 L3 Control structures
\g__prg_map_int=\count152
L3 Module: l3clist 2015/09/02 v5901 L3 Comma separated lists
L3 Module: l3token 2016/04/03 v6470 L3 Experimental token manipulation
L3 Module: l3prop 2016/01/05 v6366 L3 Property lists
L3 Module: l3msg 2016/03/26 v6464 L3 Messages
L3 Module: l3file 2016/03/25 v6458 L3 File and I/O operations
\l_iow_line_count_int=\count153
\l__iow_target_count_int=\count154
\l__iow_current_line_int=\count155
\l__iow_current_word_int=\count156
\l__iow_current_indentation_int=\count157
L3 Module: l3skip 2016/01/05 v6366 L3 Dimensions and skips
\c_zero_dim=\dimen198
\c_max_dim=\dimen199
\l_tmpa_dim=\dimen256
\l_tmpb_dim=\dimen257
\g_tmpa_dim=\dimen258
\g_tmpb_dim=\dimen259
\c_zero_skip=\skip67
\c_max_skip=\skip68
\l_tmpa_skip=\skip69
\l_tmpb_skip=\skip70
\g_tmpa_skip=\skip71
\g_tmpb_skip=\skip72
\c_zero_muskip=\muskip12
\c_max_muskip=\muskip13
\l_tmpa_muskip=\muskip14
\l_tmpb_muskip=\muskip15
\g_tmpa_muskip=\muskip16
\g_tmpb_muskip=\muskip17
L3 Module: l3keys 2015/11/17 v6284 L3 Key-value interfaces
\g__keyval_level_int=\count158
\l_keys_choice_int=\count159
L3 Module: l3fp 2016/03/26 v6465 L3 Floating points
\c__fp_leading_shift_int=\count160
\c__fp_middle_shift_int=\count161
\c__fp_trailing_shift_int=\count162
\c__fp_big_leading_shift_int=\count163
\c__fp_big_middle_shift_int=\count164
\c__fp_big_trailing_shift_int=\count165
\c__fp_Bigg_leading_shift_int=\count166
\c__fp_Bigg_middle_shift_int=\count167
\c__fp_Bigg_trailing_shift_int=\count168
L3 Module: l3box 2015/08/09 v5822 L3 Experimental boxes
\c_empty_box=\box43
\l_tmpa_box=\box44
\l_tmpb_box=\box45
\g_tmpa_box=\box46
\g_tmpb_box=\box47
L3 Module: l3coffins 2016/05/17 v6508 L3 Coffin code layer
\l__coffin_internal_box=\box48
\l__coffin_internal_dim=\dimen260
\l__coffin_offset_x_dim=\dimen261
\l__coffin_offset_y_dim=\dimen262
\l__coffin_x_dim=\dimen263
\l__coffin_y_dim=\dimen264
\l__coffin_x_prime_dim=\dimen265
\l__coffin_y_prime_dim=\dimen266
\c_empty_coffin=\box49
\l__coffin_aligned_coffin=\box50
\l__coffin_aligned_internal_coffin=\box51
\l_tmpa_coffin=\box52
\l_tmpb_coffin=\box53
\l__coffin_display_coffin=\box54
\l__coffin_display_coord_coffin=\box55
\l__coffin_display_pole_coffin=\box56
\l__coffin_display_offset_dim=\dimen267
\l__coffin_display_x_dim=\dimen268
\l__coffin_display_y_dim=\dimen269
L3 Module: l3color 2014/08/23 v5354 L3 Experimental color support
L3 Module: l3sys 2015/09/25 v6087 L3 Experimental system/runtime functions
L3 Module: l3candidates 2016/05/13 v6484 L3 Experimental additions to l3kernel
\l__box_top_dim=\dimen270
\l__box_bottom_dim=\dimen271
\l__box_left_dim=\dimen272
\l__box_right_dim=\dimen273
\l__box_top_new_dim=\dimen274
\l__box_bottom_new_dim=\dimen275
\l__box_left_new_dim=\dimen276
\l__box_right_new_dim=\dimen277
\l__box_internal_box=\box57
\l__coffin_bounding_shift_dim=\dimen278
\l__coffin_left_corner_dim=\dimen279
\l__coffin_right_corner_dim=\dimen280
\l__coffin_bottom_corner_dim=\dimen281
\l__coffin_top_corner_dim=\dimen282
\l__coffin_scaled_total_height_dim=\dimen283
\l__coffin_scaled_width_dim=\dimen284
L3 Module: l3luatex 2016/03/26 v6465 L3 Experimental LuaTeX-specific functions
)
(/usr/local/texlive/2016/texmf-dist/tex/latex/l3kernel/l3pdfmode.def
File: l3pdfmode.def 2016/03/26 v6465 L3 Experimental driver: PDF mode
\l__driver_color_stack_int=\count169
\l__driver_tmp_box=\box58
))
Package: xparse 2016/05/18 v6512 L3 Experimental document command parser
\l__xparse_current_arg_int=\count170
\l__xparse_m_args_int=\count171
\l__xparse_mandatory_args_int=\count172
\l__xparse_processor_int=\count173
\l__xparse_v_nesting_int=\count174
)
.................................................
. LaTeX info: "xparse/define-command"
. 
. Defining command \vnabla with sig. '' on line 25.
.................................................
.................................................
. LaTeX info: "xparse/define-command"
. 
. Defining command \varE with sig. '' on line 29.
.................................................
.................................................
. LaTeX info: "xparse/define-command"
. 
. Defining command \ordersymbol with sig. '' on line 30.
.................................................
.................................................
. LaTeX info: "xparse/define-command"
. 
. Defining command \lparen with sig. '' on line 31.
.................................................
.................................................
. LaTeX info: "xparse/define-command"
. 
. Defining command \rparen with sig. '' on line 32.
.................................................
.................................................
. LaTeX info: "xparse/define-command"
. 
. Defining command \quantity with sig. '' on line 35.
.................................................
.................................................
. LaTeX info: "xparse/define-command"
. 
. Defining command \@quantity with sig. ' t\big t\Big t\bigg t\Bigg g o d()
. d|| ' on line 62.
.................................................
.................................................
. LaTeX info: "xparse/define-command"
. 
. Defining command \qty with sig. '' on line 63.
.................................................
.................................................
. LaTeX info: "xparse/define-command"
. 
. Defining command \pqty with sig. ' l m ' on line 64.
.................................................
.................................................
. LaTeX info: "xparse/define-command"
. 
. Defining command \bqty with sig. ' l m ' on line 65.
.................................................
.................................................
. LaTeX info: "xparse/define-command"
. 
. Defining command \Bqty with sig. ' l m ' on line 66.
.................................................
.................................................
. LaTeX info: "xparse/define-command"
. 
. Defining command \vqty with sig. ' l m ' on line 67.
.................................................
.................................................
. LaTeX info: "xparse/define-command"
. 
. Defining command \pmqty with sig. 'm' on line 70.
.................................................
.................................................
. LaTeX info: "xparse/define-command"
. 
. Defining command \Pmqty with sig. 'm' on line 71.
.................................................
.................................................
. LaTeX info: "xparse/define-command"
. 
. Defining command \bmqty with sig. 'm' on line 72.
.................................................
.................................................
. LaTeX info: "xparse/define-command"
. 
. Defining command \vmqty with sig. 'm' on line 73.
.................................................
.................................................
. LaTeX info: "xparse/define-command"
. 
. Defining command \matrixquantity with sig. '' on line 74.
.................................................
.................................................
. LaTeX info: "xparse/define-command"
. 
. Defining command \@matrixquantity with sig. ' s g o d() d|| ' on line 100.
.................................................
.................................................
. LaTeX info: "xparse/define-command"
. 
. Defining command \mqty with sig. '' on line 101.
.................................................
.................................................
. LaTeX info: "xparse/define-command"
. 
. Defining command \matrixdeterminant with sig. 'm' on line 102.
.................................................
.................................................
. LaTeX info: "xparse/define-command"
. 
. Defining command \mdet with sig. '' on line 103.
.................................................
.................................................
. LaTeX info: "xparse/define-command"
. 
. Defining command \spmqty with sig. 'm' on line 105.
.................................................
.................................................
. LaTeX info: "xparse/define-command"
. 
. Defining command \sPmqty with sig. 'm' on line 106.
.................................................
.................................................
. LaTeX info: "xparse/define-command"
. 
. Defining command \sbmqty with sig. 'm' on line 107.
.................................................
.................................................
. LaTeX info: "xparse/define-command"
. 
. Defining command \svmqty with sig. 'm' on line 108.
.................................................
.................................................
. LaTeX info: "xparse/define-command"
. 
. Defining command \smallmatrixquantity with sig. ' s g o d() d|| ' on line
. 133.
.................................................
.................................................
. LaTeX info: "xparse/define-command"
. 
. Defining command \smqty with sig. '' on line 134.
.................................................
.................................................
. LaTeX info: "xparse/define-command"
. 
. Defining command \smallmatrixdeterminant with sig. 'm' on line 135.
.................................................
.................................................
. LaTeX info: "xparse/define-command"
. 
. Defining command \smdet with sig. '' on line 136.
.................................................
.................................................
. LaTeX info: "xparse/define-command"
. 
. Defining command \argopen with sig. 's' on line 138.
.................................................
.................................................
. LaTeX info: "xparse/define-command"
. 
. Defining command \argclose with sig. 's' on line 139.
.................................................
.................................................
. LaTeX info: "xparse/define-command"
. 
. Defining command \braces with sig. '' on line 141.
.................................................
.................................................
. LaTeX info: "xparse/define-command"
. 
. Defining command \@braces with sig. ' s t\big t\Big t\bigg t\Bigg m m m ' on
. line 156.
.................................................
.................................................
. LaTeX info: "xparse/define-command"
. 
. Defining command \fbraces with sig. ' s t\big t\Big t\bigg t\Bigg m m m m '
. on line 174.
.................................................
.................................................
. LaTeX info: "xparse/define-command"
. 
. Defining command \absolutevalue with sig. ' l m ' on line 176.
.................................................
.................................................
. LaTeX info: "xparse/define-command"
. 
. Defining command \abs with sig. '' on line 177.
.................................................
.................................................
. LaTeX info: "xparse/define-command"
. 
. Defining command \norm with sig. ' l m ' on line 178.
.................................................
.................................................
. LaTeX info: "xparse/define-command"
. 
. Defining command \order with sig. ' l m ' on line 179.
.................................................
.................................................
. LaTeX info: "xparse/define-command"
. 
. Defining command \evaluated with sig. ' s g d[| d(| ' on line 194.
.................................................
.................................................
. LaTeX info: "xparse/define-command"
. 
. Defining command \eval with sig. '' on line 195.
.................................................
.................................................
. LaTeX info: "xparse/define-command"
. 
. Defining command \poissonbracket with sig. ' l m m ' on line 197.
.................................................
.................................................
. LaTeX info: "xparse/define-command"
. 
. Defining command \pb with sig. '' on line 198.
.................................................
.................................................
. LaTeX info: "xparse/define-command"
. 
. Defining command \commutator with sig. ' l m m ' on line 201.
.................................................
.................................................
. LaTeX info: "xparse/define-command"
. 
. Defining command \comm with sig. '' on line 202.
.................................................
.................................................
. LaTeX info: "xparse/define-command"
. 
. Defining command \anticommutator with sig. ' l m m ' on line 203.
.................................................
.................................................
. LaTeX info: "xparse/define-command"
. 
. Defining command \acommutator with sig. '' on line 204.
.................................................
.................................................
. LaTeX info: "xparse/define-command"
. 
. Defining command \acomm with sig. '' on line 205.
.................................................
.................................................
. LaTeX info: "xparse/define-command"
. 
. Defining command \vectorbold with sig. ' s m ' on line 208.
.................................................
.................................................
. LaTeX info: "xparse/define-command"
. 
. Defining command \vb with sig. '' on line 209.
.................................................
.................................................
. LaTeX info: "xparse/define-command"
. 
. Defining command \vectorarrow with sig. ' s m ' on line 211.
.................................................
.................................................
. LaTeX info: "xparse/define-command"
. 
. Defining command \va with sig. '' on line 212.
.................................................
.................................................
. LaTeX info: "xparse/define-command"
. 
. Defining command \vectorunit with sig. ' s m ' on line 214.
.................................................
.................................................
. LaTeX info: "xparse/define-command"
. 
. Defining command \vu with sig. '' on line 215.
.................................................
.................................................
. LaTeX info: "xparse/define-command"
. 
. Defining command \dotproduct with sig. '' on line 217.
.................................................
.................................................
. LaTeX info: "xparse/define-command"
. 
. Defining command \vdot with sig. '' on line 218.
.................................................
.................................................
. LaTeX info: "xparse/define-command"
. 
. Defining command \crossproduct with sig. '' on line 220.
.................................................
.................................................
. LaTeX info: "xparse/define-command"
. 
. Defining command \cross with sig. '' on line 221.
.................................................
.................................................
. LaTeX info: "xparse/define-command"
. 
. Defining command \cp with sig. '' on line 222.
.................................................
.................................................
. LaTeX info: "xparse/define-command"
. 
. Defining command \gradient with sig. ' g o d() ' on line 232.
.................................................
.................................................
. LaTeX info: "xparse/define-command"
. 
. Defining command \grad with sig. '' on line 233.
.................................................
.................................................
. LaTeX info: "xparse/define-command"
. 
. Defining command \divergence with sig. ' g o d() ' on line 243.
.................................................
.................................................
. LaTeX info: "xparse/define-command"
. 
. Defining command \div with sig. '' on line 246.
.................................................
.................................................
. LaTeX info: "xparse/define-command"
. 
. Defining command \curl with sig. ' g o d() ' on line 256.
.................................................
.................................................
. LaTeX info: "xparse/define-command"
. 
. Defining command \laplacian with sig. ' g o d() ' on line 266.
.................................................
.................................................
. LaTeX info: "xparse/define-command"
. 
. Defining command \principalvalue with sig. 'g' on line 274.
.................................................
.................................................
. LaTeX info: "xparse/define-command"
. 
. Defining command \pv with sig. '' on line 275.
.................................................
.................................................
. LaTeX info: "xparse/define-command"
. 
. Defining command \PV with sig. 'g' on line 276.
.................................................
.................................................
. LaTeX info: "xparse/redefine-command"
. 
. Redefining command \Re with sig. 'g' on line 277.
.................................................
.................................................
. LaTeX info: "xparse/redefine-command"
. 
. Redefining command \Im with sig. 'g' on line 278.
.................................................
.................................................
. LaTeX info: "xparse/define-command"
. 
. Defining command \opbraces with sig. ' m g o d() ' on line 299.
.................................................
.................................................
. LaTeX info: "xparse/define-command"
. 
. Defining command \trigbraces with sig. ' m o d() ' on line 305.
.................................................
.................................................
. LaTeX info: "xparse/redefine-command"
. 
. Redefining command \sin with sig. '' on line 309.
.................................................
.................................................
. LaTeX info: "xparse/redefine-command"
. 
. Redefining command \cos with sig. '' on line 310.
.................................................
.................................................
. LaTeX info: "xparse/redefine-command"
. 
. Redefining command \tan with sig. '' on line 311.
.................................................
.................................................
. LaTeX info: "xparse/redefine-command"
. 
. Redefining command \csc with sig. '' on line 312.
.................................................
.................................................
. LaTeX info: "xparse/redefine-command"
. 
. Redefining command \sec with sig. '' on line 313.
.................................................
.................................................
. LaTeX info: "xparse/redefine-command"
. 
. Redefining command \cot with sig. '' on line 314.
.................................................
.................................................
. LaTeX info: "xparse/redefine-command"
. 
. Redefining command \arcsin with sig. '' on line 316.
.................................................
.................................................
. LaTeX info: "xparse/redefine-command"
. 
. Redefining command \arccos with sig. '' on line 317.
.................................................
.................................................
. LaTeX info: "xparse/redefine-command"
. 
. Redefining command \arctan with sig. '' on line 318.
.................................................
.................................................
. LaTeX info: "xparse/define-command"
. 
. Defining command \arccsc with sig. '' on line 320.
.................................................
.................................................
. LaTeX info: "xparse/define-command"
. 
. Defining command \arcsec with sig. '' on line 322.
.................................................
.................................................
. LaTeX info: "xparse/define-command"
. 
. Defining command \arccot with sig. '' on line 324.
.................................................
.................................................
. LaTeX info: "xparse/define-command"
. 
. Defining command \asin with sig. '' on line 327.
.................................................
.................................................
. LaTeX info: "xparse/define-command"
. 
. Defining command \acos with sig. '' on line 329.
.................................................
.................................................
. LaTeX info: "xparse/define-command"
. 
. Defining command \atan with sig. '' on line 331.
.................................................
.................................................
. LaTeX info: "xparse/define-command"
. 
. Defining command \acsc with sig. '' on line 333.
.................................................
.................................................
. LaTeX info: "xparse/define-command"
. 
. Defining command \asec with sig. '' on line 335.
.................................................
.................................................
. LaTeX info: "xparse/define-command"
. 
. Defining command \acot with sig. '' on line 337.
.................................................
.................................................
. LaTeX info: "xparse/redefine-command"
. 
. Redefining command \sinh with sig. '' on line 339.
.................................................
.................................................
. LaTeX info: "xparse/redefine-command"
. 
. Redefining command \cosh with sig. '' on line 340.
.................................................
.................................................
. LaTeX info: "xparse/redefine-command"
. 
. Redefining command \tanh with sig. '' on line 341.
.................................................
.................................................
. LaTeX info: "xparse/define-command"
. 
. Defining command \csch with sig. '' on line 343.
.................................................
.................................................
. LaTeX info: "xparse/define-command"
. 
. Defining command \sech with sig. '' on line 345.
.................................................
.................................................
. LaTeX info: "xparse/redefine-command"
. 
. Redefining command \coth with sig. '' on line 346.
.................................................
.................................................
. LaTeX info: "xparse/redefine-command"
. 
. Redefining command \exp with sig. '' on line 348.
.................................................
.................................................
. LaTeX info: "xparse/redefine-command"
. 
. Redefining command \log with sig. '' on line 349.
.................................................
.................................................
. LaTeX info: "xparse/redefine-command"
. 
. Redefining command \ln with sig. '' on line 350.
.................................................
.................................................
. LaTeX info: "xparse/redefine-command"
. 
. Redefining command \det with sig. '' on line 351.
.................................................
.................................................
. LaTeX info: "xparse/redefine-command"
. 
. Redefining command \Pr with sig. '' on line 352.
.................................................
.................................................
. LaTeX info: "xparse/define-command"
. 
. Defining command \tr with sig. '' on line 353.
.................................................
.................................................
. LaTeX info: "xparse/define-command"
. 
. Defining command \Tr with sig. '' on line 354.
.................................................
.................................................
. LaTeX info: "xparse/define-command"
. 
. Defining command \Res with sig. '' on line 355.
.................................................
.................................................
. LaTeX info: "xparse/define-command"
. 
. Defining command \qqtext with sig. ' s m ' on line 377.
.................................................
.................................................
. LaTeX info: "xparse/define-command"
. 
. Defining command \qq with sig. '' on line 378.
.................................................
.................................................
. LaTeX info: "xparse/define-command"
. 
. Defining command \qcomma with sig. '' on line 380.
.................................................
.................................................
. LaTeX info: "xparse/define-command"
. 
. Defining command \qc with sig. '' on line 381.
.................................................
.................................................
. LaTeX info: "xparse/define-command"
. 
. Defining command \qif with sig. 's' on line 383.
.................................................
.................................................
. LaTeX info: "xparse/define-command"
. 
. Defining command \qthen with sig. 's' on line 384.
.................................................
.................................................
. LaTeX info: "xparse/define-command"
. 
. Defining command \qelse with sig. 's' on line 385.
.................................................
.................................................
. LaTeX info: "xparse/define-command"
. 
. Defining command \qotherwise with sig. 's' on line 386.
.................................................
.................................................
. LaTeX info: "xparse/define-command"
. 
. Defining command \qunless with sig. 's' on line 387.
.................................................
.................................................
. LaTeX info: "xparse/define-command"
. 
. Defining command \qgiven with sig. 's' on line 388.
.................................................
.................................................
. LaTeX info: "xparse/define-command"
. 
. Defining command \qusing with sig. 's' on line 389.
.................................................
.................................................
. LaTeX info: "xparse/define-command"
. 
. Defining command \qassume with sig. 's' on line 390.
.................................................
.................................................
. LaTeX info: "xparse/define-command"
. 
. Defining command \qsince with sig. 's' on line 391.
.................................................
.................................................
. LaTeX info: "xparse/define-command"
. 
. Defining command \qlet with sig. 's' on line 392.
.................................................
.................................................
. LaTeX info: "xparse/define-command"
. 
. Defining command \qfor with sig. 's' on line 393.
.................................................
.................................................
. LaTeX info: "xparse/define-command"
. 
. Defining command \qall with sig. 's' on line 394.
.................................................
.................................................
. LaTeX info: "xparse/define-command"
. 
. Defining command \qeven with sig. 's' on line 395.
.................................................
.................................................
. LaTeX info: "xparse/define-command"
. 
. Defining command \qodd with sig. 's' on line 396.
.................................................
.................................................
. LaTeX info: "xparse/define-command"
. 
. Defining command \qinteger with sig. 's' on line 397.
.................................................
.................................................
. LaTeX info: "xparse/define-command"
. 
. Defining command \qand with sig. 's' on line 398.
.................................................
.................................................
. LaTeX info: "xparse/define-command"
. 
. Defining command \qor with sig. 's' on line 399.
.................................................
.................................................
. LaTeX info: "xparse/define-command"
. 
. Defining command \qas with sig. 's' on line 400.
.................................................
.................................................
. LaTeX info: "xparse/define-command"
. 
. Defining command \qin with sig. 's' on line 401.
.................................................
.................................................
. LaTeX info: "xparse/define-command"
. 
. Defining command \qcc with sig. 's' on line 402.
.................................................
.................................................
. LaTeX info: "xparse/define-command"
. 
. Defining command \differential with sig. ' o g d() ' on line 415.
.................................................
.................................................
. LaTeX info: "xparse/define-command"
. 
. Defining command \dd with sig. '' on line 416.
.................................................
.................................................
. LaTeX info: "xparse/define-command"
. 
. Defining command \derivative with sig. ' s o m g d() ' on line 435.
.................................................
.................................................
. LaTeX info: "xparse/define-command"
. 
. Defining command \dv with sig. '' on line 436.
.................................................
.................................................
. LaTeX info: "xparse/define-command"
. 
. Defining command \partialderivative with sig. ' s o m g g d() ' on line 460.
.................................................
.................................................
. LaTeX info: "xparse/define-command"
. 
. Defining command \pderivative with sig. '' on line 461.
.................................................
.................................................
. LaTeX info: "xparse/define-command"
. 
. Defining command \pdv with sig. '' on line 462.
.................................................
.................................................
. LaTeX info: "xparse/define-command"
. 
. Defining command \variation with sig. ' o g d() ' on line 474.
.................................................
.................................................
. LaTeX info: "xparse/define-command"
. 
. Defining command \var with sig. '' on line 475.
.................................................
.................................................
. LaTeX info: "xparse/define-command"
. 
. Defining command \functionalderivative with sig. ' s o m g d() ' on line
. 494.
.................................................
.................................................
. LaTeX info: "xparse/define-command"
. 
. Defining command \fderivative with sig. '' on line 495.
.................................................
.................................................
. LaTeX info: "xparse/define-command"
. 
. Defining command \fdv with sig. '' on line 496.
.................................................
.................................................
. LaTeX info: "xparse/define-command"
. 
. Defining command \bra with sig. ' s m t\ket s g ' on line 526.
.................................................
.................................................
. LaTeX info: "xparse/define-command"
. 
. Defining command \ket with sig. ' s m ' on line 533.
.................................................
.................................................
. LaTeX info: "xparse/define-command"
. 
. Defining command \innerproduct with sig. ' s m g ' on line 548.
.................................................
.................................................
. LaTeX info: "xparse/define-command"
. 
. Defining command \braket with sig. '' on line 549.
.................................................
.................................................
. LaTeX info: "xparse/define-command"
. 
. Defining command \ip with sig. '' on line 550.
.................................................
.................................................
. LaTeX info: "xparse/define-command"
. 
. Defining command \outerproduct with sig. ' s m g ' on line 565.
.................................................
.................................................
. LaTeX info: "xparse/define-command"
. 
. Defining command \dyad with sig. '' on line 566.
.................................................
.................................................
. LaTeX info: "xparse/define-command"
. 
. Defining command \op with sig. '' on line 567.
.................................................
.................................................
. LaTeX info: "xparse/define-command"
. 
. Defining command \ketbra with sig. '' on line 568.
.................................................
.................................................
. LaTeX info: "xparse/define-command"
. 
. Defining command \expectationvalue with sig. ' s s m g ' on line 587.
.................................................
.................................................
. LaTeX info: "xparse/define-command"
. 
. Defining command \expval with sig. '' on line 588.
.................................................
.................................................
. LaTeX info: "xparse/define-command"
. 
. Defining command \ev with sig. '' on line 589.
.................................................
.................................................
. LaTeX info: "xparse/define-command"
. 
. Defining command \vev with sig. ' m ' on line 590.
.................................................
.................................................
. LaTeX info: "xparse/define-command"
. 
. Defining command \matrixelement with sig. ' s s m m m ' on line 601.
.................................................
.................................................
. LaTeX info: "xparse/define-command"
. 
. Defining command \matrixel with sig. '' on line 602.
.................................................
.................................................
. LaTeX info: "xparse/define-command"
. 
. Defining command \mel with sig. '' on line 603.
.................................................
.................................................
. LaTeX info: "xparse/define-command"
. 
. Defining command \identitymatrix with sig. 'm' on line 633.
.................................................
.................................................
. LaTeX info: "xparse/define-command"
. 
. Defining command \imat with sig. '' on line 634.
.................................................
.................................................
. LaTeX info: "xparse/define-command"
. 
. Defining command \xmatrix with sig. ' s m m m ' on line 659.
.................................................
.................................................
. LaTeX info: "xparse/define-command"
. 
. Defining command \xmat with sig. '' on line 660.
.................................................
.................................................
. LaTeX info: "xparse/define-command"
. 
. Defining command \zeromatrix with sig. ' m g ' on line 662.
.................................................
.................................................
. LaTeX info: "xparse/define-command"
. 
. Defining command \zmat with sig. '' on line 663.
.................................................
.................................................
. LaTeX info: "xparse/define-command"
. 
. Defining command \paulixmatrix with sig. '' on line 665.
.................................................
.................................................
. LaTeX info: "xparse/define-command"
. 
. Defining command \pauliymatrix with sig. '' on line 666.
.................................................
.................................................
. LaTeX info: "xparse/define-command"
. 
. Defining command \paulizmatrix with sig. '' on line 667.
.................................................
.................................................
. LaTeX info: "xparse/define-command"
. 
. Defining command \paulimatrix with sig. 'm' on line 678.
.................................................
.................................................
. LaTeX info: "xparse/define-command"
. 
. Defining command \pmat with sig. '' on line 679.
.................................................
.................................................
. LaTeX info: "xparse/define-command"
. 
. Defining command \diagonalmatrix with sig. 'O{} >{\SplitList {,}}m ' on line
. 681.
.................................................
.................................................
. LaTeX info: "xparse/define-command"
. 
. Defining command \@dmat with sig. 'mmggggggg' on line 714.
.................................................
.................................................
. LaTeX info: "xparse/define-command"
. 
. Defining command \dmat with sig. '' on line 715.
.................................................
.................................................
. LaTeX info: "xparse/define-command"
. 
. Defining command \antidiagonalmatrix with sig. 'O{} >{\SplitList {,}}m ' on
. line 717.
.................................................
.................................................
. LaTeX info: "xparse/define-command"
. 
. Defining command \@admat with sig. 'mmggggggg' on line 750.
.................................................
.................................................
. LaTeX info: "xparse/define-command"
. 
. Defining command \admat with sig. '' on line 751.
.................................................
.................................................
. LaTeX info: "xparse/define-command"
. 
. Defining command \flatfrac with sig. ' m m ' on line 754.
.................................................
.................................................
. LaTeX info: "xparse/define-command"
. 
. Defining command \homework with sig. '' on line 764.
.................................................
)
(./electron.aux
LaTeX Font Info:    Try loading font information for T2A+cmr on input line 20.

(/usr/local/texlive/2016/texmf-dist/tex/latex/cyrillic/t2acmr.fd
File: t2acmr.fd 2001/08/11 v1.0a Computer Modern Cyrillic font definitions
)

LaTeX Warning: Label `r_eq' multiply defined.

)
\openout1 = `electron.aux'.

LaTeX Font Info:    Checking defaults for OML/cmm/m/it on input line 74.
LaTeX Font Info:    ... okay on input line 74.
LaTeX Font Info:    Checking defaults for T1/cmr/m/n on input line 74.
LaTeX Font Info:    ... okay on input line 74.
LaTeX Font Info:    Checking defaults for OT1/cmr/m/n on input line 74.
LaTeX Font Info:    ... okay on input line 74.
LaTeX Font Info:    Checking defaults for OMS/cmsy/m/n on input line 74.
LaTeX Font Info:    ... okay on input line 74.
LaTeX Font Info:    Checking defaults for OMX/cmex/m/n on input line 74.
LaTeX Font Info:    ... okay on input line 74.
LaTeX Font Info:    Checking defaults for U/cmr/m/n on input line 74.
LaTeX Font Info:    ... okay on input line 74.
LaTeX Font Info:    Checking defaults for T2A/cmr/m/n on input line 74.
LaTeX Font Info:    ... okay on input line 74.
LaTeX Font Info:    Checking defaults for PD1/pdf/m/n on input line 74.
LaTeX Font Info:    ... okay on input line 74.
LaTeX Font Info:    Checking defaults for PU/pdf/m/n on input line 74.
LaTeX Font Info:    ... okay on input line 74.
LaTeX Font Info:    Checking defaults for TS1/cmr/m/n on input line 74.
LaTeX Font Info:    Try loading font information for TS1+cmr on input line 74.
 (/usr/local/texlive/2016/texmf-dist/tex/latex/base/ts1cmr.fd
File: ts1cmr.fd 2014/09/29 v2.5h Standard LaTeX font definitions
)
LaTeX Font Info:    ... okay on input line 74.
Package caption Info: Begin \AtBeginDocument code.
Package caption Info: hyperref package is loaded.
Package caption Info: End \AtBeginDocument code.

(/usr/local/texlive/2016/texmf-dist/tex/context/base/mkii/supp-pdf.mkii
[Loading MPS to PDF converter (version 2006.09.02).]
\scratchcounter=\count175
\scratchdimen=\dimen285
\scratchbox=\box59
\nofMPsegments=\count176
\nofMParguments=\count177
\everyMPshowfont=\toks39
\MPscratchCnt=\count178
\MPscratchDim=\dimen286
\MPnumerator=\count179
\makeMPintoPDFobject=\count180
\everyMPtoPDFconversion=\toks40
)
*geometry* driver: auto-detecting
*geometry* detected driver: pdftex
*geometry* verbose mode - [ preamble ] result:
* driver: pdftex
* paper: a4paper
* layout: <same size as paper>
* layoutoffset:(h,v)=(0.0pt,0.0pt)
* modes: 
* h-part:(L,W,R)=(56.9055pt, 512.14963pt, 28.45274pt)
* v-part:(T,H,B)=(56.9055pt, 731.23584pt, 56.9055pt)
* \paperwidth=597.50787pt
* \paperheight=845.04684pt
* \textwidth=512.14963pt
* \textheight=731.23584pt
* \oddsidemargin=-15.36449pt
* \evensidemargin=-15.36449pt
* \topmargin=-52.36449pt
* \headheight=12.0pt
* \headsep=25.0pt
* \topskip=12.0pt
* \footskip=30.0pt
* \marginparwidth=35.0pt
* \marginparsep=10.0pt
* \columnsep=10.0pt
* \skip\footins=10.8pt plus 4.0pt minus 2.0pt
* \hoffset=0.0pt
* \voffset=0.0pt
* \mag=1000
* \@twocolumnfalse
* \@twosidefalse
* \@mparswitchfalse
* \@reversemarginfalse
* (1in=72.27pt=25.4mm, 1cm=28.453pt)

ABD: EverySelectfont initializing macros
LaTeX Info: Redefining \selectfont on input line 74.
\AtBeginShipoutBox=\box60
Package hyperref Info: Link coloring ON on input line 74.

(/usr/local/texlive/2016/texmf-dist/tex/latex/hyperref/nameref.sty
Package: nameref 2012/10/27 v2.43 Cross-referencing by name of section

(/usr/local/texlive/2016/texmf-dist/tex/generic/oberdiek/gettitlestring.sty
Package: gettitlestring 2016/05/16 v1.5 Cleanup title references (HO)
)
\c@section@level=\count181
)
LaTeX Info: Redefining \ref on input line 74.
LaTeX Info: Redefining \pageref on input line 74.
LaTeX Info: Redefining \nameref on input line 74.

(./electron.out) (./electron.out)
\@outlinefile=\write4
\openout4 = `electron.out'.

 ABD: EveryShipout initializing macros
(/usr/local/texlive/2016/texmf-dist/tex/latex/oberdiek/epstopdf-base.sty
Package: epstopdf-base 2016/05/15 v2.6 Base part for package epstopdf

(/usr/local/texlive/2016/texmf-dist/tex/latex/oberdiek/grfext.sty
Package: grfext 2016/05/16 v1.2 Manage graphics extensions (HO)
)
Package grfext Info: Graphics extension search list:
(grfext)             [.pdf,.png,.jpg,.svg,.eps]
(grfext)             \AppendGraphicsExtensions on input line 456.

(/usr/local/texlive/2016/texmf-dist/tex/latex/latexconfig/epstopdf-sys.cfg
File: epstopdf-sys.cfg 2010/07/13 v1.3 Configuration of (r)epstopdf for TeX Liv
e
))
(/usr/local/texlive/2016/texmf-dist/tex/latex/oberdiek/pdflscape.sty
Package: pdflscape 2016/05/14 v0.11 Display of landscape pages in PDF (HO)

(/usr/local/texlive/2016/texmf-dist/tex/latex/graphics/lscape.sty
Package: lscape 2000/10/22 v3.01 Landscape Pages (DPC)
)
Package pdflscape Info: Auto-detected driver: pdftex on input line 81.
)
\symgns@font=\mathgroup6
LaTeX Font Info:    Overwriting symbol font `gns@font' in version `bold'
(Font)                  TS1/cmr/m/n --> TS1/cmr/bx/n on input line 74.
Package gensymb Info: Math companion symbols declared on input line 74.
LaTeX Info: Redefining \degree on input line 74.
LaTeX Info: Redefining \celsius on input line 74.
Package gensymb Info: Using text companion symbols for \degree, \celsius and \p
erthousand on input line 74.
LaTeX Info: Redefining \ohm on input line 74.
Package gensymb Info: Using \textohm for \ohm on input line 74.
Package gensymb Info: Using \textmu for \micro on input line 74.
Package babel Info: Redefining russian shorthand "|
(babel)             in language  on input line 111.
Package babel Info: Redefining russian shorthand "~
(babel)             in language  on input line 111.
Package babel Info: Redefining russian shorthand "|
(babel)             in language  on input line 111.
Package babel Info: Redefining russian shorthand "~
(babel)             in language  on input line 111.
 [1

{/usr/local/texlive/2016/texmf-var/fonts/map/pdftex/updmap/pdftex.map}] (./elec
tron.toc
LaTeX Font Info:    Try loading font information for U+msa on input line 4.

(/usr/local/texlive/2016/texmf-dist/tex/latex/amsfonts/umsa.fd
File: umsa.fd 2013/01/14 v3.01 AMS symbols A
)
LaTeX Font Info:    Try loading font information for U+msb on input line 4.

(/usr/local/texlive/2016/texmf-dist/tex/latex/amsfonts/umsb.fd
File: umsb.fd 2013/01/14 v3.01 AMS symbols B
))
\tf@toc=\write5
\openout5 = `electron.toc'.

Package babel Info: Redefining russian shorthand "|
(babel)             in language  on input line 119.
Package babel Info: Redefining russian shorthand "~
(babel)             in language  on input line 119.
Package babel Info: Redefining russian shorthand "|
(babel)             in language  on input line 119.
Package babel Info: Redefining russian shorthand "~
(babel)             in language  on input line 119.
 [2]
Package babel Info: Redefining russian shorthand "|
(babel)             in language  on input line 120.
Package babel Info: Redefining russian shorthand "~
(babel)             in language  on input line 120.
Package babel Info: Redefining russian shorthand "|
(babel)             in language  on input line 130.
Package babel Info: Redefining russian shorthand "~
(babel)             in language  on input line 130.
Package babel Info: Redefining russian shorthand "|
(babel)             in language  on input line 131.
Package babel Info: Redefining russian shorthand "~
(babel)             in language  on input line 131.
Package babel Info: Redefining russian shorthand "|
(babel)             in language  on input line 175.
Package babel Info: Redefining russian shorthand "~
(babel)             in language  on input line 175.
Package babel Info: Redefining russian shorthand "|
(babel)             in language  on input line 175.
Package babel Info: Redefining russian shorthand "~
(babel)             in language  on input line 175.
 [3]
Package babel Info: Redefining russian shorthand "|
(babel)             in language  on input line 179.
Package babel Info: Redefining russian shorthand "~
(babel)             in language  on input line 179.
Package babel Info: Redefining russian shorthand "|
(babel)             in language  on input line 181.
Package babel Info: Redefining russian shorthand "~
(babel)             in language  on input line 181.
Package babel Info: Redefining russian shorthand "|
(babel)             in language  on input line 204.
Package babel Info: Redefining russian shorthand "~
(babel)             in language  on input line 204.
Package babel Info: Redefining russian shorthand "|
(babel)             in language  on input line 208.
Package babel Info: Redefining russian shorthand "~
(babel)             in language  on input line 208.
Package babel Info: Redefining russian shorthand "|
(babel)             in language  on input line 208.
Package babel Info: Redefining russian shorthand "~
(babel)             in language  on input line 208.

[4] <./pictures/bessel1.pdf, id=194, 445.76137pt x 301.22137pt>
File: ./pictures/bessel1.pdf Graphic file (type pdf)

<use ./pictures/bessel1.pdf>
Package pdftex.def Info: ./pictures/bessel1.pdf used on input line 226.
(pdftex.def)             Requested size: 256.07481pt x 173.04466pt.

<./pictures/bessel2.pdf, id=195, 445.76137pt x 301.22137pt>
File: ./pictures/bessel2.pdf Graphic file (type pdf)

<use ./pictures/bessel2.pdf>
Package pdftex.def Info: ./pictures/bessel2.pdf used on input line 232.
(pdftex.def)             Requested size: 256.07481pt x 173.04466pt.
Package babel Info: Redefining russian shorthand "|
(babel)             in language  on input line 241.
Package babel Info: Redefining russian shorthand "~
(babel)             in language  on input line 241.
Package babel Info: Redefining russian shorthand "|
(babel)             in language  on input line 252.
Package babel Info: Redefining russian shorthand "~
(babel)             in language  on input line 252.
Package babel Info: Redefining russian shorthand "|
(babel)             in language  on input line 252.
Package babel Info: Redefining russian shorthand "~
(babel)             in language  on input line 252.
 [5 <./pictures/bessel1.pdf> <./pictures/bessel2.pdf>]
Package babel Info: Redefining russian shorthand "|
(babel)             in language  on input line 261.
Package babel Info: Redefining russian shorthand "~
(babel)             in language  on input line 261.
Missing character: There is no  in font cmr12!
Missing character: There is no  in font cmr12!
Missing character: There is no  in font cmr12!
Package babel Info: Redefining russian shorthand "|
(babel)             in language  on input line 310.
Package babel Info: Redefining russian shorthand "~
(babel)             in language  on input line 310.

Overfull \hbox (5.61093pt too wide) in paragraph at lines 311--321
\T2A/cmr/m/n/12 fundamental commutation relations as []. But these time the eig
envectiors are not spherical harmonics
 []

Package babel Info: Redefining russian shorthand "|
(babel)             in language  on input line 323.
Package babel Info: Redefining russian shorthand "~
(babel)             in language  on input line 323.

Package hyperref Warning: Token not allowed in a PDF string (Unicode):
(hyperref)                removing `math shift' on input line 323.


Package hyperref Warning: Token not allowed in a PDF string (Unicode):
(hyperref)                removing `\begingroup' on input line 323.


Package hyperref Warning: Token not allowed in a PDF string (Unicode):
(hyperref)                removing `\endgroup' on input line 323.


Package hyperref Warning: Token not allowed in a PDF string (Unicode):
(hyperref)                removing `\@@over' on input line 323.


Package hyperref Warning: Token not allowed in a PDF string (Unicode):
(hyperref)                removing `math shift' on input line 323.


Overfull \hbox (41.8814pt too wide) in paragraph at lines 324--330
\T2A/cmr/m/n/12 function becomes: $\OT1/cmr/m/n/12 	 = 	(\OML/cmm/m/it/12 x; y;
 z; ^^[; t\OT1/cmr/m/n/12 )\OML/cmm/m/it/12 ;$ \T2A/cmr/m/n/12 and normalizatio
n condition becomes $[]\OML/cmm/m/it/12 :$ 
 []

Package babel Info: Redefining russian shorthand "|
(babel)             in language  on input line 330.
Package babel Info: Redefining russian shorthand "~
(babel)             in language  on input line 330.
Package babel Info: Redefining russian shorthand "|
(babel)             in language  on input line 330.
Package babel Info: Redefining russian shorthand "~
(babel)             in language  on input line 330.
[6]
Package babel Info: Redefining russian shorthand "|
(babel)             in language  on input line 372.
Package babel Info: Redefining russian shorthand "~
(babel)             in language  on input line 372.

Overfull \hbox (3.48137pt too wide) in paragraph at lines 377--380
\T2A/cmr/m/n/12 The problem is to find the eigenfunctions of the Hamiltonian (s
tationary states), and the corresponding
 []

Package babel Info: Redefining russian shorthand "|
(babel)             in language  on input line 387.
Package babel Info: Redefining russian shorthand "~
(babel)             in language  on input line 387.
Package babel Info: Redefining russian shorthand "|
(babel)             in language  on input line 391.
Package babel Info: Redefining russian shorthand "~
(babel)             in language  on input line 391.
Package babel Info: Redefining russian shorthand "|
(babel)             in language  on input line 391.
Package babel Info: Redefining russian shorthand "~
(babel)             in language  on input line 391.
[7]
Overfull \hbox (44.36281pt too wide) in paragraph at lines 406--410
\T2A/cmr/m/n/12 Notice, that general solution is a linear combination of the se
parable solutions: $\OT1/cmr/m/n/12 	(\OML/cmm/m/it/12 x; t\OT1/cmr/m/n/12 ) = 
[][] \OML/cmm/m/it/12 c[] []\OT1/cmr/m/n/12 (\OML/cmm/m/it/12 x\OT1/cmr/m/n/12 
)\OML/cmm/m/it/12 e[];$
 []

Package babel Info: Redefining russian shorthand "|
(babel)             in language  on input line 440.
Package babel Info: Redefining russian shorthand "~
(babel)             in language  on input line 440.
Package babel Info: Redefining russian shorthand "|
(babel)             in language  on input line 440.
Package babel Info: Redefining russian shorthand "~
(babel)             in language  on input line 440.
[8]
Package babel Info: Redefining russian shorthand "|
(babel)             in language  on input line 465.
Package babel Info: Redefining russian shorthand "~
(babel)             in language  on input line 465.
Package babel Info: Redefining russian shorthand "|
(babel)             in language  on input line 488.
Package babel Info: Redefining russian shorthand "~
(babel)             in language  on input line 488.
Package babel Info: Redefining russian shorthand "|
(babel)             in language  on input line 490.
Package babel Info: Redefining russian shorthand "~
(babel)             in language  on input line 490.
Package babel Info: Redefining russian shorthand "|
(babel)             in language  on input line 495.
Package babel Info: Redefining russian shorthand "~
(babel)             in language  on input line 495.
Package babel Info: Redefining russian shorthand "|
(babel)             in language  on input line 495.
Package babel Info: Redefining russian shorthand "~
(babel)             in language  on input line 495.
 [9]

LaTeX Warning: `!h' float specifier changed to `!ht'.

Package babel Info: Redefining russian shorthand "|
(babel)             in language  on input line 548.
Package babel Info: Redefining russian shorthand "~
(babel)             in language  on input line 548.
Package babel Info: Redefining russian shorthand "|
(babel)             in language  on input line 553.
Package babel Info: Redefining russian shorthand "~
(babel)             in language  on input line 553.
Package babel Info: Redefining russian shorthand "|
(babel)             in language  on input line 553.
Package babel Info: Redefining russian shorthand "~
(babel)             in language  on input line 553.
[10]
Package babel Info: Redefining russian shorthand "|
(babel)             in language  on input line 586.
Package babel Info: Redefining russian shorthand "~
(babel)             in language  on input line 586.
Package babel Info: Redefining russian shorthand "|
(babel)             in language  on input line 586.
Package babel Info: Redefining russian shorthand "~
(babel)             in language  on input line 586.
 [11] <tan-sqrt.pdf, id=322, 433.62pt x 289.08pt>
File: tan-sqrt.pdf Graphic file (type pdf)
 <use tan-sqrt.pdf>
Package pdftex.def Info: tan-sqrt.pdf used on input line 607.
(pdftex.def)             Requested size: 256.07481pt x 170.72333pt.

<ens_finite.pdf, id=323, 433.62pt x 289.08pt>
File: ens_finite.pdf Graphic file (type pdf)
 <use ens_finite.pdf>
Package pdftex.def Info: ens_finite.pdf used on input line 613.
(pdftex.def)             Requested size: 256.07481pt x 170.72333pt.


LaTeX Warning: `!h' float specifier changed to `!ht'.

Package babel Info: Redefining russian shorthand "|
(babel)             in language  on input line 624.
Package babel Info: Redefining russian shorthand "~
(babel)             in language  on input line 624.
Package babel Info: Redefining russian shorthand "|
(babel)             in language  on input line 632.
Package babel Info: Redefining russian shorthand "~
(babel)             in language  on input line 632.
Package babel Info: Redefining russian shorthand "|
(babel)             in language  on input line 632.
Package babel Info: Redefining russian shorthand "~
(babel)             in language  on input line 632.
[12] <harm_osc.pdf, id=337, 433.62pt x 289.08pt>
File: harm_osc.pdf Graphic file (type pdf)
 <use harm_osc.pdf>
Package pdftex.def Info: harm_osc.pdf used on input line 679.
(pdftex.def)             Requested size: 256.07481pt x 170.72333pt.

<harm_osc1.pdf, id=338, 433.62pt x 289.08pt>
File: harm_osc1.pdf Graphic file (type pdf)
 <use harm_osc1.pdf>
Package pdftex.def Info: harm_osc1.pdf used on input line 685.
(pdftex.def)             Requested size: 256.07481pt x 170.72333pt.


LaTeX Warning: `!h' float specifier changed to `!ht'.

Package babel Info: Redefining russian shorthand "|
(babel)             in language  on input line 694.
Package babel Info: Redefining russian shorthand "~
(babel)             in language  on input line 694.
Package babel Info: Redefining russian shorthand "|
(babel)             in language  on input line 698.
Package babel Info: Redefining russian shorthand "~
(babel)             in language  on input line 698.
Package babel Info: Redefining russian shorthand "|
(babel)             in language  on input line 698.
Package babel Info: Redefining russian shorthand "~
(babel)             in language  on input line 698.
[13 <./tan-sqrt.pdf> <./ens_finite.pdf>]
<h2_atom.pdf, id=437, 144.54pt x 361.35pt>
File: h2_atom.pdf Graphic file (type pdf)
 <use h2_atom.pdf>
Package pdftex.def Info: h2_atom.pdf used on input line 728.
(pdftex.def)             Requested size: 102.42836pt x 256.06956pt.


LaTeX Warning: `!h' float specifier changed to `!ht'.

Package babel Info: Redefining russian shorthand "|
(babel)             in language  on input line 733.
Package babel Info: Redefining russian shorthand "~
(babel)             in language  on input line 733.
Package babel Info: Redefining russian shorthand "|
(babel)             in language  on input line 735.
Package babel Info: Redefining russian shorthand "~
(babel)             in language  on input line 735.
Package babel Info: Redefining russian shorthand "|
(babel)             in language  on input line 735.
Package babel Info: Redefining russian shorthand "~
(babel)             in language  on input line 735.
[14 <./harm_osc.pdf> <./harm_osc1.pdf>]
<WS_poten.pdf, id=518, 433.62pt x 289.08pt>
File: WS_poten.pdf Graphic file (type pdf)
 <use WS_poten.pdf>
Package pdftex.def Info: WS_poten.pdf used on input line 745.
(pdftex.def)             Requested size: 256.07481pt x 170.72333pt.

<WS_wave.pdf, id=519, 433.62pt x 289.08pt>
File: WS_wave.pdf Graphic file (type pdf)
 <use WS_wave.pdf>
Package pdftex.def Info: WS_wave.pdf used on input line 751.
(pdftex.def)             Requested size: 256.07481pt x 170.72333pt.

Overfull \hbox (12.54103pt too wide) in paragraph at lines 739--758
\T2A/cmr/m/n/12 When using the Schrodinger equation to find the spectrum of nuc
leons subjected to the WoodsSaxon
 []


LaTeX Warning: `!h' float specifier changed to `!ht'.

Package babel Info: Redefining russian shorthand "|
(babel)             in language  on input line 762.
Package babel Info: Redefining russian shorthand "~
(babel)             in language  on input line 762.
Package babel Info: Redefining russian shorthand "|
(babel)             in language  on input line 773.
Package babel Info: Redefining russian shorthand "~
(babel)             in language  on input line 773.
Package babel Info: Redefining russian shorthand "|
(babel)             in language  on input line 773.
Package babel Info: Redefining russian shorthand "~
(babel)             in language  on input line 773.
[15 <./h2_atom.pdf>]
Package babel Info: Redefining russian shorthand "|
(babel)             in language  on input line 800.
Package babel Info: Redefining russian shorthand "~
(babel)             in language  on input line 800.

Overfull \hbox (7.26605pt too wide) in paragraph at lines 805--810
\T2A/cmr/m/n/12 experiments. We will research the hydrogen molecule with the fo
llowing parameters: $\OML/cmm/m/it/12 D \OT1/cmr/m/n/12 = 38292 \OML/cmm/m/it/1
2 cm[]$\T2A/cmr/m/n/12 ,
 []

Package babel Info: Redefining russian shorthand "|
(babel)             in language  on input line 810.
Package babel Info: Redefining russian shorthand "~
(babel)             in language  on input line 810.
Package babel Info: Redefining russian shorthand "|
(babel)             in language  on input line 810.
Package babel Info: Redefining russian shorthand "~
(babel)             in language  on input line 810.
[16 <./WS_poten.pdf> <./WS_wave.pdf>]
<morse_pot.pdf, id=636, 433.62pt x 289.08pt>
File: morse_pot.pdf Graphic file (type pdf)
 <use morse_pot.pdf>
Package pdftex.def Info: morse_pot.pdf used on input line 846.
(pdftex.def)             Requested size: 256.07481pt x 170.72333pt.


LaTeX Warning: `!h' float specifier changed to `!ht'.

Package babel Info: Redefining russian shorthand "|
(babel)             in language  on input line 851.
Package babel Info: Redefining russian shorthand "~
(babel)             in language  on input line 851.
Package babel Info: Redefining russian shorthand "|
(babel)             in language  on input line 859.
Package babel Info: Redefining russian shorthand "~
(babel)             in language  on input line 859.
Package babel Info: Redefining russian shorthand "|
(babel)             in language  on input line 859.
Package babel Info: Redefining russian shorthand "~
(babel)             in language  on input line 859.
[17]
Package babel Info: Redefining russian shorthand "|
(babel)             in language  on input line 889.
Package babel Info: Redefining russian shorthand "~
(babel)             in language  on input line 889.
Package babel Info: Redefining russian shorthand "|
(babel)             in language  on input line 892.
Package babel Info: Redefining russian shorthand "~
(babel)             in language  on input line 892.
Package babel Info: Redefining russian shorthand "|
(babel)             in language  on input line 892.
Package babel Info: Redefining russian shorthand "~
(babel)             in language  on input line 892.
 [18 <./morse_pot.pdf>]
Package babel Info: Redefining russian shorthand "|
(babel)             in language  on input line 892.
Package babel Info: Redefining russian shorthand "~
(babel)             in language  on input line 892.
 (./electron.bbl)
Package babel Info: Redefining russian shorthand "|
(babel)             in language  on input line 902.
Package babel Info: Redefining russian shorthand "~
(babel)             in language  on input line 902.
Package babel Info: Redefining russian shorthand "|
(babel)             in language  on input line 902.
Package babel Info: Redefining russian shorthand "~
(babel)             in language  on input line 902.
 [19]
Package atveryend Info: Empty hook `BeforeClearDocument' on input line 902.
Package atveryend Info: Empty hook `AfterLastShipout' on input line 902.
 (./electron.aux)
Package atveryend Info: Executing hook `AtVeryEndDocument' on input line 902.
Package atveryend Info: Executing hook `AtEndAfterFileList' on input line 902.
Package rerunfilecheck Info: File `electron.out' has not changed.
(rerunfilecheck)             Checksum: 392B00AFDADA0F6A89F60E195EFA1DD4;4322.


LaTeX Warning: There were multiply-defined labels.

Package atveryend Info: Empty hook `AtVeryVeryEnd' on input line 902.
 ) 
Here is how much of TeX's memory you used:
 31373 strings out of 493014
 570718 string characters out of 6133352
 586680 words of memory out of 5000000
 34385 multiletter control sequences out of 15000+600000
 23444 words of font info for 65 fonts, out of 8000000 for 9000
 1141 hyphenation exceptions out of 8191
 55i,11n,58p,10384b,813s stack positions out of 5000i,500n,10000p,200000b,80000s
{/usr/local/texlive/2016/texmf-dist/fonts/enc/dvips/cm-super/cm-super-t2a.enc
}</usr/local/texlive/2016/texmf-dist/fonts/type1/public/amsfonts/cm/cmbx12.pfb>
</usr/local/texlive/2016/texmf-dist/fonts/type1/public/amsfonts/cm/cmbx8.pfb></
usr/local/texlive/2016/texmf-dist/fonts/type1/public/amsfonts/cm/cmex10.pfb></u
sr/local/texlive/2016/texmf-dist/fonts/type1/public/amsfonts/cm/cmmi10.pfb></us
r/local/texlive/2016/texmf-dist/fonts/type1/public/amsfonts/cm/cmmi12.pfb></usr
/local/texlive/2016/texmf-dist/fonts/type1/public/amsfonts/cm/cmmi6.pfb></usr/l
ocal/texlive/2016/texmf-dist/fonts/type1/public/amsfonts/cm/cmmi8.pfb></usr/loc
al/texlive/2016/texmf-dist/fonts/type1/public/amsfonts/cm/cmmib10.pfb></usr/loc
al/texlive/2016/texmf-dist/fonts/type1/public/amsfonts/cm/cmr10.pfb></usr/local
/texlive/2016/texmf-dist/fonts/type1/public/amsfonts/cm/cmr12.pfb></usr/local/t
exlive/2016/texmf-dist/fonts/type1/public/amsfonts/cm/cmr6.pfb></usr/local/texl
ive/2016/texmf-dist/fonts/type1/public/amsfonts/cm/cmr8.pfb></usr/local/texlive
/2016/texmf-dist/fonts/type1/public/amsfonts/cm/cmss12.pfb></usr/local/texlive/
2016/texmf-dist/fonts/type1/public/amsfonts/cm/cmsy10.pfb></usr/local/texlive/2
016/texmf-dist/fonts/type1/public/amsfonts/cm/cmsy6.pfb></usr/local/texlive/201
6/texmf-dist/fonts/type1/public/amsfonts/cm/cmsy8.pfb></usr/local/texlive/2016/
texmf-dist/fonts/type1/public/amsfonts/symbols/msbm10.pfb></usr/local/texlive/2
016/texmf-dist/fonts/type1/public/cm-super/sfbx1200.pfb></usr/local/texlive/201
6/texmf-dist/fonts/type1/public/cm-super/sfbx1440.pfb></usr/local/texlive/2016/
texmf-dist/fonts/type1/public/cm-super/sfbx1728.pfb></usr/local/texlive/2016/te
xmf-dist/fonts/type1/public/cm-super/sfrm1095.pfb></usr/local/texlive/2016/texm
f-dist/fonts/type1/public/cm-super/sfrm1200.pfb></usr/local/texlive/2016/texmf-
dist/fonts/type1/public/cm-super/sfti1200.pfb>
Output written on electron.pdf (19 pages, 526769 bytes).
PDF statistics:
 772 PDF objects out of 1000 (max. 8388607)
 546 compressed objects within 6 object streams
 94 named destinations out of 1000 (max. 500000)
 255 words of extra memory for PDF output out of 10000 (max. 10000000)

